This file contains any messages produced by compilers while
running configure, to aid debugging if configure makes a mistake.

It was created by configure, which was
generated by GNU Autoconf 2.59.  Invocation command line was

  $ ./configure 

## --------- ##
## Platform. ##
## --------- ##

hostname = dioscuri
uname -m = i686
uname -r = 2.6.15.1.20060205
uname -s = Linux
uname -v = #1 PREEMPT Sun Feb 5 23:47:34 CET 2006

/usr/bin/uname -p = unknown
/bin/uname -X     = unknown

/bin/arch              = i686
/usr/bin/arch -k       = unknown
/usr/convex/getsysinfo = unknown
hostinfo               = unknown
/bin/machine           = unknown
/usr/bin/oslevel       = unknown
/bin/universe          = unknown

PATH: /usr/local/bin
PATH: /usr/bin
PATH: /bin
PATH: /usr/bin/X11
PATH: /usr/games


## ----------- ##
## Core tests. ##
## ----------- ##

configure:1553: checking for a BSD-compatible install
configure:1608: result: /usr/bin/install -c
configure:1619: checking whether build environment is sane
configure:1662: result: yes
configure:1677: checking whether make sets $(MAKE)
configure:1697: result: yes
configure:1729: checking for working aclocal-1.4
configure:1736: result: found
configure:1744: checking for working autoconf
configure:1751: result: found
configure:1759: checking for working automake-1.4
configure:1766: result: found
configure:1774: checking for working autoheader
configure:1781: result: found
configure:1789: checking for working makeinfo
configure:1796: result: found
configure:1805: checking whether to enable maintainer-specific portions of Makefiles
configure:1814: result: no
configure:1881: checking for gcc
configure:1897: found /usr/bin/gcc
configure:1907: result: gcc
configure:2151: checking for C compiler version
configure:2154: gcc --version </dev/null >&5
gcc (GCC) 4.0.3 (Debian 4.0.3-1)
Copyright (C) 2006 Free Software Foundation, Inc.
This is free software; see the source for copying conditions.  There is NO
warranty; not even for MERCHANTABILITY or FITNESS FOR A PARTICULAR PURPOSE.

configure:2157: $? = 0
configure:2159: gcc -v </dev/null >&5
Using built-in specs.
Target: i486-linux-gnu
Configured with: ../src/configure -v --enable-languages=c,c++,java,f95,objc,ada,treelang --prefix=/usr --enable-shared --with-system-zlib --libexecdir=/usr/lib --without-included-gettext --enable-threads=posix --enable-nls --program-suffix=-4.0 --enable-__cxa_atexit --enable-clocale=gnu --enable-libstdcxx-debug --enable-java-awt=gtk-default --enable-gtk-cairo --with-java-home=/usr/lib/jvm/java-1.4.2-gcj-4.0-1.4.2.0/jre --enable-mpfr --disable-werror --with-tune=i686 --enable-checking=release i486-linux-gnu
Thread model: posix
gcc version 4.0.3 (Debian 4.0.3-1)
configure:2162: $? = 0
configure:2164: gcc -V </dev/null >&5
gcc: '-V' option must have argument
configure:2167: $? = 1
configure:2190: checking for C compiler default output file name
configure:2193: gcc    conftest.c  >&5
configure:2196: $? = 0
configure:2242: result: a.out
configure:2247: checking whether the C compiler works
configure:2253: ./a.out
configure:2256: $? = 0
configure:2273: result: yes
configure:2280: checking whether we are cross compiling
configure:2282: result: no
configure:2285: checking for suffix of executables
configure:2287: gcc -o conftest    conftest.c  >&5
configure:2290: $? = 0
configure:2315: result: 
configure:2321: checking for suffix of object files
configure:2342: gcc -c   conftest.c >&5
configure:2345: $? = 0
configure:2367: result: o
configure:2371: checking whether we are using the GNU C compiler
configure:2395: gcc -c   conftest.c >&5
configure:2401: $? = 0
configure:2404: test -z 			 || test ! -s conftest.err
configure:2407: $? = 0
configure:2410: test -s conftest.o
configure:2413: $? = 0
configure:2426: result: yes
configure:2432: checking whether gcc accepts -g
configure:2453: gcc -c -g  conftest.c >&5
configure:2459: $? = 0
configure:2462: test -z 			 || test ! -s conftest.err
configure:2465: $? = 0
configure:2468: test -s conftest.o
configure:2471: $? = 0
configure:2482: result: yes
configure:2499: checking for gcc option to accept ANSI C
configure:2569: gcc  -c -g -O2  conftest.c >&5
configure:2575: $? = 0
configure:2578: test -z 			 || test ! -s conftest.err
configure:2581: $? = 0
configure:2584: test -s conftest.o
configure:2587: $? = 0
configure:2605: result: none needed
configure:2623: gcc -c -g -O2  conftest.c >&5
conftest.c:2: error: syntax error before 'me'
configure:2629: $? = 1
configure: failed program was:
| #ifndef __cplusplus
|   choke me
| #endif
configure:2834: checking for perl
configure:2852: found /usr/bin/perl
configure:2864: result: /usr/bin/perl
configure:2896: checking for iconv
configure:2914: found /usr/bin/iconv
configure:2927: result: /usr/bin/iconv
configure:2936: checking for msgfmt
configure:2954: found /usr/bin/msgfmt
configure:2967: result: /usr/bin/msgfmt
configure:2976: checking for msgmerge
configure:2994: found /usr/bin/msgmerge
configure:3007: result: /usr/bin/msgmerge
configure:3016: checking for xgettext
configure:3034: found /usr/bin/xgettext
configure:3047: result: /usr/bin/xgettext
configure:3064: checking for strerror in -lcposix
configure:3094: gcc -o conftest -g -O2   conftest.c -lcposix   >&5
/usr/bin/ld: cannot find -lcposix
collect2: ld returned 1 exit status
configure:3100: $? = 1
configure: failed program was:
| /* confdefs.h.  */
| 
| #define PACKAGE_NAME ""
| #define PACKAGE_TARNAME ""
| #define PACKAGE_VERSION ""
| #define PACKAGE_STRING ""
| #define PACKAGE_BUGREPORT ""
| #define PACKAGE "galculator"
| #define VERSION "1.3.0CVS"
| /* end confdefs.h.  */
| 
| /* Override any gcc2 internal prototype to avoid an error.  */
| #ifdef __cplusplus
| extern "C"
| #endif
| /* We use char because int might match the return type of a gcc2
|    builtin and then its argument prototype would still apply.  */
| char strerror ();
| int
| main ()
| {
| strerror ();
|   ;
|   return 0;
| }
configure:3125: result: no
configure:3139: checking how to run the C preprocessor
configure:3174: gcc -E  conftest.c
configure:3180: $? = 0
configure:3212: gcc -E  conftest.c
conftest.c:11:28: error: ac_nonexistent.h: No such file or directory
configure:3218: $? = 1
configure: failed program was:
| /* confdefs.h.  */
| 
| #define PACKAGE_NAME ""
| #define PACKAGE_TARNAME ""
| #define PACKAGE_VERSION ""
| #define PACKAGE_STRING ""
| #define PACKAGE_BUGREPORT ""
| #define PACKAGE "galculator"
| #define VERSION "1.3.0CVS"
| /* end confdefs.h.  */
| #include <ac_nonexistent.h>
configure:3257: result: gcc -E
configure:3281: gcc -E  conftest.c
configure:3287: $? = 0
configure:3319: gcc -E  conftest.c
conftest.c:11:28: error: ac_nonexistent.h: No such file or directory
configure:3325: $? = 1
configure: failed program was:
| /* confdefs.h.  */
| 
| #define PACKAGE_NAME ""
| #define PACKAGE_TARNAME ""
| #define PACKAGE_VERSION ""
| #define PACKAGE_STRING ""
| #define PACKAGE_BUGREPORT ""
| #define PACKAGE "galculator"
| #define VERSION "1.3.0CVS"
| /* end confdefs.h.  */
| #include <ac_nonexistent.h>
configure:3369: checking for egrep
configure:3379: result: grep -E
configure:3384: checking for ANSI C header files
configure:3409: gcc -c -g -O2  conftest.c >&5
configure:3415: $? = 0
configure:3418: test -z 			 || test ! -s conftest.err
configure:3421: $? = 0
configure:3424: test -s conftest.o
configure:3427: $? = 0
configure:3516: gcc -o conftest -g -O2   conftest.c  >&5
conftest.c: In function 'main':
conftest.c:28: warning: incompatible implicit declaration of built-in function 'exit'
configure:3519: $? = 0
configure:3521: ./conftest
configure:3524: $? = 0
configure:3539: result: yes
configure:3599: checking for pkg-config
configure:3617: found /usr/bin/pkg-config
configure:3629: result: /usr/bin/pkg-config
configure:3644: checking pkg-config is at least version 0.9.0
configure:3647: result: yes
configure:3658: checking for PACKAGE
configure:3666: $PKG_CONFIG --exists --print-errors "$pkg_modules"
configure:3669: $? = 0
configure:3684: $PKG_CONFIG --exists --print-errors "$pkg_modules"
configure:3687: $? = 0
configure:3763: result: yes
configure:3783: checking for flex
configure:3799: found /usr/bin/flex
configure:3809: result: flex
configure:3824: checking for flex
configure:3850: result: flex
configure:3863: checking for yywrap in -lfl
configure:3893: gcc -o conftest -g -O2   conftest.c -lfl   >&5
configure:3899: $? = 0
configure:3902: test -z 			 || test ! -s conftest.err
configure:3905: $? = 0
configure:3908: test -s conftest
configure:3911: $? = 0
configure:3924: result: yes
configure:4001: checking lex output file root
configure:4012: flex conftest.l
configure:4015: $? = 0
configure:4027: result: lex.yy
configure:4032: checking whether yytext is a pointer
configure:4048: gcc -o conftest -g -O2   conftest.c  -lfl >&5
configure:4054: $? = 0
configure:4057: test -z 			 || test ! -s conftest.err
configure:4060: $? = 0
configure:4063: test -s conftest
configure:4066: $? = 0
configure:4080: result: yes
configure:4171: checking build system type
configure:4189: result: i686-pc-linux-gnu
configure:4197: checking host system type
configure:4211: result: i686-pc-linux-gnu
configure:4219: checking for a sed that does not truncate output
configure:4273: result: /bin/sed
configure:4287: checking for ld used by gcc
configure:4354: result: /usr/bin/ld
configure:4363: checking if the linker (/usr/bin/ld) is GNU ld
configure:4378: result: yes
configure:4383: checking for /usr/bin/ld option to reload object files
configure:4390: result: -r
configure:4408: checking for BSD-compatible nm
configure:4457: result: /usr/bin/nm -B
configure:4461: checking whether ln -s works
configure:4465: result: yes
configure:4472: checking how to recognise dependent libraries
configure:4648: result: pass_all
configure:4892: checking for sys/types.h
configure:4908: gcc -c -g -O2  conftest.c >&5
configure:4914: $? = 0
configure:4917: test -z 			 || test ! -s conftest.err
configure:4920: $? = 0
configure:4923: test -s conftest.o
configure:4926: $? = 0
configure:4937: result: yes
configure:4892: checking for sys/stat.h
configure:4908: gcc -c -g -O2  conftest.c >&5
configure:4914: $? = 0
configure:4917: test -z 			 || test ! -s conftest.err
configure:4920: $? = 0
configure:4923: test -s conftest.o
configure:4926: $? = 0
configure:4937: result: yes
configure:4892: checking for stdlib.h
configure:4908: gcc -c -g -O2  conftest.c >&5
configure:4914: $? = 0
configure:4917: test -z 			 || test ! -s conftest.err
configure:4920: $? = 0
configure:4923: test -s conftest.o
configure:4926: $? = 0
configure:4937: result: yes
configure:4892: checking for string.h
configure:4908: gcc -c -g -O2  conftest.c >&5
configure:4914: $? = 0
configure:4917: test -z 			 || test ! -s conftest.err
configure:4920: $? = 0
configure:4923: test -s conftest.o
configure:4926: $? = 0
configure:4937: result: yes
configure:4892: checking for memory.h
configure:4908: gcc -c -g -O2  conftest.c >&5
configure:4914: $? = 0
configure:4917: test -z 			 || test ! -s conftest.err
configure:4920: $? = 0
configure:4923: test -s conftest.o
configure:4926: $? = 0
configure:4937: result: yes
configure:4892: checking for strings.h
configure:4908: gcc -c -g -O2  conftest.c >&5
configure:4914: $? = 0
configure:4917: test -z 			 || test ! -s conftest.err
configure:4920: $? = 0
configure:4923: test -s conftest.o
configure:4926: $? = 0
configure:4937: result: yes
configure:4892: checking for inttypes.h
configure:4908: gcc -c -g -O2  conftest.c >&5
configure:4914: $? = 0
configure:4917: test -z 			 || test ! -s conftest.err
configure:4920: $? = 0
configure:4923: test -s conftest.o
configure:4926: $? = 0
configure:4937: result: yes
configure:4892: checking for stdint.h
configure:4908: gcc -c -g -O2  conftest.c >&5
configure:4914: $? = 0
configure:4917: test -z 			 || test ! -s conftest.err
configure:4920: $? = 0
configure:4923: test -s conftest.o
configure:4926: $? = 0
configure:4937: result: yes
configure:4892: checking for unistd.h
configure:4908: gcc -c -g -O2  conftest.c >&5
configure:4914: $? = 0
configure:4917: test -z 			 || test ! -s conftest.err
configure:4920: $? = 0
configure:4923: test -s conftest.o
configure:4926: $? = 0
configure:4937: result: yes
configure:4963: checking dlfcn.h usability
configure:4975: gcc -c -g -O2  conftest.c >&5
configure:4981: $? = 0
configure:4984: test -z 			 || test ! -s conftest.err
configure:4987: $? = 0
configure:4990: test -s conftest.o
configure:4993: $? = 0
configure:5003: result: yes
configure:5007: checking dlfcn.h presence
configure:5017: gcc -E  conftest.c
configure:5023: $? = 0
configure:5043: result: yes
configure:5078: checking for dlfcn.h
configure:5085: result: yes
configure:5150: checking for g++
configure:5166: found /usr/bin/g++
configure:5176: result: g++
configure:5192: checking for C++ compiler version
configure:5195: g++ --version </dev/null >&5
g++ (GCC) 4.0.3 (Debian 4.0.3-1)
Copyright (C) 2006 Free Software Foundation, Inc.
This is free software; see the source for copying conditions.  There is NO
warranty; not even for MERCHANTABILITY or FITNESS FOR A PARTICULAR PURPOSE.

configure:5198: $? = 0
configure:5200: g++ -v </dev/null >&5
Using built-in specs.
Target: i486-linux-gnu
Configured with: ../src/configure -v --enable-languages=c,c++,java,f95,objc,ada,treelang --prefix=/usr --enable-shared --with-system-zlib --libexecdir=/usr/lib --without-included-gettext --enable-threads=posix --enable-nls --program-suffix=-4.0 --enable-__cxa_atexit --enable-clocale=gnu --enable-libstdcxx-debug --enable-java-awt=gtk-default --enable-gtk-cairo --with-java-home=/usr/lib/jvm/java-1.4.2-gcj-4.0-1.4.2.0/jre --enable-mpfr --disable-werror --with-tune=i686 --enable-checking=release i486-linux-gnu
Thread model: posix
gcc version 4.0.3 (Debian 4.0.3-1)
configure:5203: $? = 0
configure:5205: g++ -V </dev/null >&5
g++: '-V' option must have argument
configure:5208: $? = 1
configure:5211: checking whether we are using the GNU C++ compiler
configure:5235: g++ -c   conftest.cc >&5
configure:5241: $? = 0
configure:5244: test -z 			 || test ! -s conftest.err
configure:5247: $? = 0
configure:5250: test -s conftest.o
configure:5253: $? = 0
configure:5266: result: yes
configure:5272: checking whether g++ accepts -g
configure:5293: g++ -c -g  conftest.cc >&5
configure:5299: $? = 0
configure:5302: test -z 			 || test ! -s conftest.err
configure:5305: $? = 0
configure:5308: test -s conftest.o
configure:5311: $? = 0
configure:5322: result: yes
configure:5364: g++ -c -g -O2  conftest.cc >&5
configure:5370: $? = 0
configure:5373: test -z 			 || test ! -s conftest.err
configure:5376: $? = 0
configure:5379: test -s conftest.o
configure:5382: $? = 0
configure:5408: g++ -c -g -O2  conftest.cc >&5
conftest.cc: In function 'int main()':
conftest.cc:28: error: 'exit' was not declared in this scope
configure:5414: $? = 1
configure: failed program was:
| /* confdefs.h.  */
| 
| #define PACKAGE_NAME ""
| #define PACKAGE_TARNAME ""
| #define PACKAGE_VERSION ""
| #define PACKAGE_STRING ""
| #define PACKAGE_BUGREPORT ""
| #define PACKAGE "galculator"
| #define VERSION "1.3.0CVS"
| #define STDC_HEADERS 1
| #define GETTEXT_PACKAGE "galculator"
| #define YYTEXT_POINTER 1
| #define HAVE_SYS_TYPES_H 1
| #define HAVE_SYS_STAT_H 1
| #define HAVE_STDLIB_H 1
| #define HAVE_STRING_H 1
| #define HAVE_MEMORY_H 1
| #define HAVE_STRINGS_H 1
| #define HAVE_INTTYPES_H 1
| #define HAVE_STDINT_H 1
| #define HAVE_UNISTD_H 1
| #define HAVE_DLFCN_H 1
| /* end confdefs.h.  */
| 
| int
| main ()
| {
| exit (42);
|   ;
|   return 0;
| }
configure:5364: g++ -c -g -O2  conftest.cc >&5
configure:5370: $? = 0
configure:5373: test -z 			 || test ! -s conftest.err
configure:5376: $? = 0
configure:5379: test -s conftest.o
configure:5382: $? = 0
configure:5408: g++ -c -g -O2  conftest.cc >&5
configure:5414: $? = 0
configure:5417: test -z 			 || test ! -s conftest.err
configure:5420: $? = 0
configure:5423: test -s conftest.o
configure:5426: $? = 0
configure:5459: checking how to run the C++ preprocessor
configure:5490: g++ -E  conftest.cc
configure:5496: $? = 0
configure:5528: g++ -E  conftest.cc
conftest.cc:27:28: error: ac_nonexistent.h: No such file or directory
configure:5534: $? = 1
configure: failed program was:
| /* confdefs.h.  */
| 
| #define PACKAGE_NAME ""
| #define PACKAGE_TARNAME ""
| #define PACKAGE_VERSION ""
| #define PACKAGE_STRING ""
| #define PACKAGE_BUGREPORT ""
| #define PACKAGE "galculator"
| #define VERSION "1.3.0CVS"
| #define STDC_HEADERS 1
| #define GETTEXT_PACKAGE "galculator"
| #define YYTEXT_POINTER 1
| #define HAVE_SYS_TYPES_H 1
| #define HAVE_SYS_STAT_H 1
| #define HAVE_STDLIB_H 1
| #define HAVE_STRING_H 1
| #define HAVE_MEMORY_H 1
| #define HAVE_STRINGS_H 1
| #define HAVE_INTTYPES_H 1
| #define HAVE_STDINT_H 1
| #define HAVE_UNISTD_H 1
| #define HAVE_DLFCN_H 1
| #ifdef __cplusplus
| extern "C" void std::exit (int) throw (); using std::exit;
| #endif
| /* end confdefs.h.  */
| #include <ac_nonexistent.h>
configure:5573: result: g++ -E
configure:5597: g++ -E  conftest.cc
configure:5603: $? = 0
configure:5635: g++ -E  conftest.cc
conftest.cc:27:28: error: ac_nonexistent.h: No such file or directory
configure:5641: $? = 1
configure: failed program was:
| /* confdefs.h.  */
| 
| #define PACKAGE_NAME ""
| #define PACKAGE_TARNAME ""
| #define PACKAGE_VERSION ""
| #define PACKAGE_STRING ""
| #define PACKAGE_BUGREPORT ""
| #define PACKAGE "galculator"
| #define VERSION "1.3.0CVS"
| #define STDC_HEADERS 1
| #define GETTEXT_PACKAGE "galculator"
| #define YYTEXT_POINTER 1
| #define HAVE_SYS_TYPES_H 1
| #define HAVE_SYS_STAT_H 1
| #define HAVE_STDLIB_H 1
| #define HAVE_STRING_H 1
| #define HAVE_MEMORY_H 1
| #define HAVE_STRINGS_H 1
| #define HAVE_INTTYPES_H 1
| #define HAVE_STDINT_H 1
| #define HAVE_UNISTD_H 1
| #define HAVE_DLFCN_H 1
| #ifdef __cplusplus
| extern "C" void std::exit (int) throw (); using std::exit;
| #endif
| /* end confdefs.h.  */
| #include <ac_nonexistent.h>
configure:5738: checking for g77
configure:5754: found /usr/bin/g77
configure:5764: result: g77
configure:5779: checking for Fortran 77 compiler version
configure:5782: g77 --version </dev/null >&5
GNU Fortran (GCC) 3.4.6 (Debian 3.4.6-1)
Copyright (C) 2006 Free Software Foundation, Inc.

GNU Fortran comes with NO WARRANTY, to the extent permitted by law.
You may redistribute copies of GNU Fortran
under the terms of the GNU General Public License.
For more information about these matters, see the file named COPYING
or type the command `info -f g77 Copying'.
configure:5785: $? = 0
configure:5787: g77 -v </dev/null >&5
Reading specs from /usr/lib/gcc/i486-linux-gnu/3.4.6/specs
Configured with: ../src/configure -v --enable-languages=c,c++,f77,pascal --prefix=/usr --libexecdir=/usr/lib --with-gxx-include-dir=/usr/include/c++/3.4 --enable-shared --with-system-zlib --enable-nls --without-included-gettext --program-suffix=-3.4 --enable-__cxa_atexit --enable-clocale=gnu --enable-libstdcxx-debug --with-tune=i686 i486-linux-gnu
Thread model: posix
gcc version 3.4.6 (Debian 3.4.6-1)
configure:5790: $? = 0
configure:5792: g77 -V </dev/null >&5
g77: `-V' option must have argument
configure:5795: $? = 1
configure:5803: checking whether we are using the GNU Fortran 77 compiler
configure:5817: g77 -c  conftest.F >&5
configure:5823: $? = 0
configure:5826: test -z 			 || test ! -s conftest.err
configure:5829: $? = 0
configure:5832: test -s conftest.o
configure:5835: $? = 0
configure:5848: result: yes
configure:5854: checking whether g77 accepts -g
configure:5866: g77 -c -g conftest.f >&5
configure:5872: $? = 0
configure:5875: test -z 			 || test ! -s conftest.err
configure:5878: $? = 0
configure:5881: test -s conftest.o
configure:5884: $? = 0
configure:5896: result: yes
configure:5926: checking the maximum length of command line arguments
configure:6035: result: 32768
configure:6046: checking command to parse /usr/bin/nm -B output from gcc object
configure:6151: gcc -c -g -O2  conftest.c >&5
configure:6154: $? = 0
configure:6158: /usr/bin/nm -B conftest.o \| sed -n -e 's/^.*[ 	]\([ABCDGIRSTW][ABCDGIRSTW]*\)[ 	][ 	]*\([_A-Za-z][_A-Za-z0-9]*\)$/\1 \2 \2/p' \> conftest.nm
configure:6161: $? = 0
configure:6213: gcc -o conftest -g -O2   conftest.c conftstm.o >&5
configure:6216: $? = 0
configure:6254: result: ok
configure:6258: checking for objdir
configure:6273: result: .libs
configure:6363: checking for ar
configure:6379: found /usr/bin/ar
configure:6390: result: ar
configure:6443: checking for ranlib
configure:6459: found /usr/bin/ranlib
configure:6470: result: ranlib
configure:6523: checking for strip
configure:6539: found /usr/bin/strip
configure:6550: result: strip
configure:6822: checking if gcc supports -fno-rtti -fno-exceptions
configure:6840: gcc -c -g -O2  -fno-rtti -fno-exceptions conftest.c >&5
cc1: warning: command line option "-fno-rtti" is valid for C++/ObjC++ but not for C
configure:6844: $? = 0
configure:6857: result: no
configure:6872: checking for gcc option to produce PIC
configure:7082: result: -fPIC
configure:7090: checking if gcc PIC flag -fPIC works
configure:7108: gcc -c -g -O2  -fPIC -DPIC conftest.c >&5
configure:7112: $? = 0
configure:7125: result: yes
configure:7153: checking if gcc static flag -static works
configure:7181: result: yes
configure:7191: checking if gcc supports -c -o file.o
configure:7212: gcc -c -g -O2  -o out/conftest2.o conftest.c >&5
configure:7216: $? = 0
configure:7238: result: yes
configure:7264: checking whether the gcc linker (/usr/bin/ld) supports shared libraries
configure:8221: result: yes
configure:8242: checking whether -lc should be explicitly linked in
configure:8247: gcc -c -g -O2  conftest.c >&5
configure:8250: $? = 0
configure:8265: gcc -shared conftest.o  -v -Wl,-soname -Wl,conftest -o conftest 2\>\&1 \| grep  -lc  \>/dev/null 2\>\&1
configure:8268: $? = 0
configure:8280: result: no
configure:8288: checking dynamic linker characteristics
configure:8864: result: GNU/Linux ld.so
configure:8873: checking how to hardcode library paths into programs
configure:8898: result: immediate
configure:8912: checking whether stripping libraries is possible
configure:8917: result: yes
configure:9744: checking if libtool supports shared libraries
configure:9746: result: yes
configure:9749: checking whether to build shared libraries
configure:9770: result: yes
configure:9773: checking whether to build static libraries
configure:9777: result: yes
configure:9869: creating libtool
configure:10457: checking for ld used by g++
configure:10524: result: /usr/bin/ld
configure:10533: checking if the linker (/usr/bin/ld) is GNU ld
configure:10548: result: yes
configure:10599: checking whether the g++ linker (/usr/bin/ld) supports shared libraries
configure:11535: result: yes
configure:11553: g++ -c -g -O2  conftest.cpp >&5
configure:11556: $? = 0
configure:11675: checking for g++ option to produce PIC
configure:11949: result: -fPIC
configure:11957: checking if g++ PIC flag -fPIC works
configure:11975: g++ -c -g -O2  -fPIC -DPIC conftest.cpp >&5
configure:11979: $? = 0
configure:11992: result: yes
configure:12020: checking if g++ static flag -static works
configure:12048: result: yes
configure:12058: checking if g++ supports -c -o file.o
configure:12079: g++ -c -g -O2  -o out/conftest2.o conftest.cpp >&5
configure:12083: $? = 0
configure:12105: result: yes
configure:12131: checking whether the g++ linker (/usr/bin/ld) supports shared libraries
configure:12159: result: yes
configure:12226: checking dynamic linker characteristics
configure:12802: result: GNU/Linux ld.so
configure:12811: checking how to hardcode library paths into programs
configure:12836: result: immediate
configure:13362: checking if libtool supports shared libraries
configure:13364: result: yes
configure:13367: checking whether to build shared libraries
configure:13387: result: yes
configure:13390: checking whether to build static libraries
configure:13394: result: yes
configure:13404: checking for g77 option to produce PIC
configure:13614: result: -fPIC
configure:13622: checking if g77 PIC flag -fPIC works
configure:13640: g77 -c -g -O2 -fPIC conftest.f >&5
configure:13644: $? = 0
configure:13657: result: yes
configure:13685: checking if g77 static flag -static works
configure:13713: result: yes
configure:13723: checking if g77 supports -c -o file.o
configure:13744: g77 -c -g -O2 -o out/conftest2.o conftest.f >&5
configure:13748: $? = 0
configure:13770: result: yes
configure:13796: checking whether the g77 linker (/usr/bin/ld) supports shared libraries
configure:14733: result: yes
configure:14800: checking dynamic linker characteristics
configure:15376: result: GNU/Linux ld.so
configure:15385: checking how to hardcode library paths into programs
configure:15410: result: immediate
configure:18977: checking locale.h usability
configure:18989: gcc -c -g -O2  conftest.c >&5
configure:18995: $? = 0
configure:18998: test -z 			 || test ! -s conftest.err
configure:19001: $? = 0
configure:19004: test -s conftest.o
configure:19007: $? = 0
configure:19017: result: yes
configure:19021: checking locale.h presence
configure:19031: gcc -E  conftest.c
configure:19037: $? = 0
configure:19057: result: yes
configure:19092: checking for locale.h
configure:19099: result: yes
configure:19113: checking for LC_MESSAGES
configure:19134: gcc -o conftest -g -O2   conftest.c  >&5
configure:19140: $? = 0
configure:19143: test -z 			 || test ! -s conftest.err
configure:19146: $? = 0
configure:19149: test -s conftest
configure:19152: $? = 0
configure:19164: result: yes
configure:19193: checking libintl.h usability
configure:19205: gcc -c -g -O2  conftest.c >&5
configure:19211: $? = 0
configure:19214: test -z 			 || test ! -s conftest.err
configure:19217: $? = 0
configure:19220: test -s conftest.o
configure:19223: $? = 0
configure:19233: result: yes
configure:19237: checking libintl.h presence
configure:19247: gcc -E  conftest.c
configure:19253: $? = 0
configure:19273: result: yes
configure:19308: checking for libintl.h
configure:19315: result: yes
configure:19326: checking for ngettext in libc
configure:19349: gcc -o conftest -g -O2   conftest.c  >&5
configure:19355: $? = 0
configure:19358: test -z 			 || test ! -s conftest.err
configure:19361: $? = 0
configure:19364: test -s conftest
configure:19367: $? = 0
configure:19380: result: yes
configure:19384: checking for dgettext in libc
configure:19407: gcc -o conftest -g -O2   conftest.c  >&5
configure:19413: $? = 0
configure:19416: test -z 			 || test ! -s conftest.err
configure:19419: $? = 0
configure:19422: test -s conftest
configure:19425: $? = 0
configure:19438: result: yes
configure:19447: checking for bind_textdomain_codeset
configure:19504: gcc -o conftest -g -O2   conftest.c  >&5
configure:19510: $? = 0
configure:19513: test -z 			 || test ! -s conftest.err
configure:19516: $? = 0
configure:19519: test -s conftest
configure:19522: $? = 0
configure:19534: result: yes
configure:20038: checking for msgfmt
configure:20065: result: /usr/bin/msgfmt
configure:20078: checking for dcgettext
configure:20135: gcc -o conftest -g -O2   conftest.c   >&5
conftest.c:55: warning: conflicting types for built-in function 'dcgettext'
configure:20141: $? = 0
configure:20144: test -z 			 || test ! -s conftest.err
configure:20147: $? = 0
configure:20150: test -s conftest
configure:20153: $? = 0
configure:20165: result: yes
configure:20177: checking for gmsgfmt
configure:20208: result: /usr/bin/msgfmt
configure:20217: checking for xgettext
configure:20244: result: /usr/bin/xgettext
configure:20268: gcc -o conftest -g -O2   conftest.c   >&5
configure:20274: $? = 0
configure:20277: test -z 			 || test ! -s conftest.err
configure:20280: $? = 0
configure:20283: test -s conftest
configure:20286: $? = 0
configure:20458: checking for catalogs to be installed
configure:20483: result:  de fr ja pt_BR pl ro sk es_MX
configure:20623: creating ./config.status

## ---------------------- ##
## Running config.status. ##
## ---------------------- ##

This file was extended by config.status, which was
generated by GNU Autoconf 2.59.  Invocation command line was

  CONFIG_FILES    = 
  CONFIG_HEADERS  = 
  CONFIG_LINKS    = 
  CONFIG_COMMANDS = 
  $ ./config.status 

on dioscuri

config.status:798: creating Makefile
config.status:798: creating galculator.spec
config.status:798: creating src/Makefile
config.status:798: creating po/Makefile.in
config.status:798: creating ui/Makefile
config.status:798: creating doc/Makefile
config.status:864: creating config.h
config.status:1146: executing default-1 commands
config.status:1146: executing intltool commands
config.status:1146: executing default-2 commands
config.status:1146: executing po/stamp-it commands

## ---------------- ##
## Cache variables. ##
## ---------------- ##

ac_cv_build=i686-pc-linux-gnu
ac_cv_build_alias=i686-pc-linux-gnu
ac_cv_c_compiler_gnu=yes
ac_cv_cxx_compiler_gnu=yes
ac_cv_env_CC_set=
ac_cv_env_CC_value=
ac_cv_env_CFLAGS_set=
ac_cv_env_CFLAGS_value=
ac_cv_env_CPPFLAGS_set=
ac_cv_env_CPPFLAGS_value=
ac_cv_env_CPP_set=
ac_cv_env_CPP_value=
ac_cv_env_CXXCPP_set=
ac_cv_env_CXXCPP_value=
ac_cv_env_CXXFLAGS_set=
ac_cv_env_CXXFLAGS_value=
ac_cv_env_CXX_set=
ac_cv_env_CXX_value=
ac_cv_env_F77_set=
ac_cv_env_F77_value=
ac_cv_env_FFLAGS_set=
ac_cv_env_FFLAGS_value=
ac_cv_env_LDFLAGS_set=
ac_cv_env_LDFLAGS_value=
ac_cv_env_PACKAGE_CFLAGS_set=
ac_cv_env_PACKAGE_CFLAGS_value=
ac_cv_env_PACKAGE_LIBS_set=
ac_cv_env_PACKAGE_LIBS_value=
ac_cv_env_PKG_CONFIG_set=
ac_cv_env_PKG_CONFIG_value=
ac_cv_env_build_alias_set=
ac_cv_env_build_alias_value=
ac_cv_env_host_alias_set=
ac_cv_env_host_alias_value=
ac_cv_env_target_alias_set=
ac_cv_env_target_alias_value=
ac_cv_exeext=
ac_cv_f77_compiler_gnu=yes
ac_cv_func_bind_textdomain_codeset=yes
ac_cv_func_dcgettext=yes
ac_cv_header_dlfcn_h=yes
ac_cv_header_inttypes_h=yes
ac_cv_header_libintl_h=yes
ac_cv_header_locale_h=yes
ac_cv_header_memory_h=yes
ac_cv_header_stdc=yes
ac_cv_header_stdint_h=yes
ac_cv_header_stdlib_h=yes
ac_cv_header_string_h=yes
ac_cv_header_strings_h=yes
ac_cv_header_sys_stat_h=yes
ac_cv_header_sys_types_h=yes
ac_cv_header_unistd_h=yes
ac_cv_host=i686-pc-linux-gnu
ac_cv_host_alias=i686-pc-linux-gnu
ac_cv_lib_cposix_strerror=no
ac_cv_lib_fl_yywrap=yes
ac_cv_objext=o
ac_cv_path_GMSGFMT=/usr/bin/msgfmt
ac_cv_path_INTLTOOL_ICONV=/usr/bin/iconv
ac_cv_path_INTLTOOL_MSGFMT=/usr/bin/msgfmt
ac_cv_path_INTLTOOL_MSGMERGE=/usr/bin/msgmerge
ac_cv_path_INTLTOOL_PERL=/usr/bin/perl
ac_cv_path_INTLTOOL_XGETTEXT=/usr/bin/xgettext
ac_cv_path_MSGFMT=/usr/bin/msgfmt
ac_cv_path_XGETTEXT=/usr/bin/xgettext
ac_cv_path_ac_pt_PKG_CONFIG=/usr/bin/pkg-config
ac_cv_path_install='/usr/bin/install -c'
ac_cv_prog_CPP='gcc -E'
ac_cv_prog_CXXCPP='g++ -E'
ac_cv_prog_LEX=flex
ac_cv_prog_ac_ct_AR=ar
ac_cv_prog_ac_ct_CC=gcc
ac_cv_prog_ac_ct_CXX=g++
ac_cv_prog_ac_ct_F77=g77
ac_cv_prog_ac_ct_RANLIB=ranlib
ac_cv_prog_ac_ct_STRIP=strip
ac_cv_prog_cc_g=yes
ac_cv_prog_cc_stdc=
ac_cv_prog_cxx_g=yes
ac_cv_prog_egrep='grep -E'
ac_cv_prog_f77_g=yes
ac_cv_prog_lex_root=lex.yy
ac_cv_prog_lex_yytext_pointer=yes
ac_cv_prog_make_make_set=yes
am_cv_val_LC_MESSAGES=yes
gt_cv_func_dgettext_libc=yes
gt_cv_func_dgettext_libintl=no
gt_cv_func_ngettext_libc=yes
gt_cv_have_gettext=yes
lt_cv_deplibs_check_method=pass_all
lt_cv_file_magic_cmd='$MAGIC_CMD'
lt_cv_file_magic_test_file=
lt_cv_ld_reload_flag=-r
lt_cv_objdir=.libs
lt_cv_path_LD=/usr/bin/ld
lt_cv_path_LDCXX=/usr/bin/ld
lt_cv_path_NM='/usr/bin/nm -B'
lt_cv_path_SED=/bin/sed
lt_cv_prog_compiler_c_o=yes
lt_cv_prog_compiler_c_o_CXX=yes
lt_cv_prog_compiler_c_o_F77=yes
lt_cv_prog_compiler_rtti_exceptions=no
lt_cv_prog_gnu_ld=yes
lt_cv_prog_gnu_ldcxx=yes
lt_cv_sys_global_symbol_pipe='sed -n -e '\''s/^.*[ 	]\([ABCDGIRSTW][ABCDGIRSTW]*\)[ 	][ 	]*\([_A-Za-z][_A-Za-z0-9]*\)$/\1 \2 \2/p'\'''
lt_cv_sys_global_symbol_to_c_name_address='sed -n -e '\''s/^: \([^ ]*\) $/  {\"\1\", (lt_ptr) 0},/p'\'' -e '\''s/^[BCDEGRST] \([^ ]*\) \([^ ]*\)$/  {"\2", (lt_ptr) \&\2},/p'\'''
lt_cv_sys_global_symbol_to_cdecl='sed -n -e '\''s/^. .* \(.*\)$/extern int \1;/p'\'''
lt_cv_sys_max_cmd_len=32768
lt_lt_cv_prog_compiler_c_o='"yes"'
lt_lt_cv_prog_compiler_c_o_CXX='"yes"'
lt_lt_cv_prog_compiler_c_o_F77='"yes"'
lt_lt_cv_sys_global_symbol_pipe='"sed -n -e '\''s/^.*[ 	]\\([ABCDGIRSTW][ABCDGIRSTW]*\\)[ 	][ 	]*\\([_A-Za-z][_A-Za-z0-9]*\\)\$/\\1 \\2 \\2/p'\''"'
lt_lt_cv_sys_global_symbol_to_c_name_address='"sed -n -e '\''s/^: \\([^ ]*\\) \$/  {\\\"\\1\\\", (lt_ptr) 0},/p'\'' -e '\''s/^[BCDEGRST] \\([^ ]*\\) \\([^ ]*\\)\$/  {\"\\2\", (lt_ptr) \\&\\2},/p'\''"'
lt_lt_cv_sys_global_symbol_to_cdecl='"sed -n -e '\''s/^. .* \\(.*\\)\$/extern int \\1;/p'\''"'
pkg_cv_PACKAGE_CFLAGS='-DXTHREADS -I/usr/include/gtk-2.0 -I/usr/lib/gtk-2.0/include -I/usr/include/atk-1.0 -I/usr/include/cairo -I/usr/include/pango-1.0 -I/usr/X11R6/include -I/usr/include/glib-2.0 -I/usr/lib/glib-2.0/include -I/usr/include/libglade-2.0 -I/usr/include/libxml2  '
pkg_cv_PACKAGE_LIBS='-L/usr/X11R6/lib -lglade-2.0 -lgtk-x11-2.0 -lxml2 -lz -lgdk-x11-2.0 -lXrandr -lXi -lXinerama -lXext -latk-1.0 -lgdk_pixbuf-2.0 -lm -lpangocairo-1.0 -lfontconfig -lXcursor -lpango-1.0 -lcairo -lXrender -lX11 -lgobject-2.0 -lgmodule-2.0 -ldl -lglib-2.0  '

## ----------------- ##
## Output variables. ##
## ----------------- ##

ACLOCAL='aclocal-1.4'
AR='ar'
AUTOCONF='autoconf'
AUTOHEADER='autoheader'
AUTOMAKE='automake-1.4'
CATALOGS=' de.gmo fr.gmo ja.gmo pt_BR.gmo pl.gmo ro.gmo sk.gmo es_MX.gmo'
CATOBJEXT='.gmo'
CC='gcc'
CFLAGS='-g -O2 -Wall'
CPP='gcc -E'
CPPFLAGS=''
CXX='g++'
CXXCPP='g++ -E'
CXXFLAGS='-g -O2'
DATADIRNAME='share'
DEFS='-DHAVE_CONFIG_H'
ECHO='echo'
ECHO_C=''
ECHO_N='-n'
ECHO_T=''
EGREP='grep -E'
EXEEXT=''
F77='g77'
FFLAGS='-g -O2'
GETTEXT_PACKAGE='galculator'
GMOFILES=' de.gmo fr.gmo ja.gmo pt_BR.gmo pl.gmo ro.gmo sk.gmo es_MX.gmo'
GMSGFMT='/usr/bin/msgfmt'
INSTALL_DATA='${INSTALL} -m 644'
INSTALL_PROGRAM='${INSTALL}'
INSTALL_SCRIPT='${INSTALL}'
INSTOBJEXT='.mo'
INTLLIBS=''
INTLTOOL_CAVES_RULE='%.caves:     %.caves.in     $(INTLTOOL_MERGE) $(wildcard $(top_srcdir)/po/*.po) ; LC_ALL=C $(INTLTOOL_MERGE) -d -u -c $(top_builddir)/po/.intltool-merge-cache $(top_srcdir)/po $< $@'
INTLTOOL_DESKTOP_RULE='%.desktop:   %.desktop.in   $(INTLTOOL_MERGE) $(wildcard $(top_srcdir)/po/*.po) ; LC_ALL=C $(INTLTOOL_MERGE) -d -u -c $(top_builddir)/po/.intltool-merge-cache $(top_srcdir)/po $< $@'
INTLTOOL_DIRECTORY_RULE='%.directory: %.directory.in $(INTLTOOL_MERGE) $(wildcard $(top_srcdir)/po/*.po) ; LC_ALL=C $(INTLTOOL_MERGE) -d -u -c $(top_builddir)/po/.intltool-merge-cache $(top_srcdir)/po $< $@'
INTLTOOL_EXTRACT='$(top_builddir)/intltool-extract'
INTLTOOL_ICONV='/usr/bin/iconv'
INTLTOOL_KBD_RULE='%.kbd:       %.kbd.in       $(INTLTOOL_MERGE) $(wildcard $(top_srcdir)/po/*.po) ; LC_ALL=C $(INTLTOOL_MERGE) -x -u -m -c $(top_builddir)/po/.intltool-merge-cache $(top_srcdir)/po $< $@'
INTLTOOL_KEYS_RULE='%.keys:      %.keys.in      $(INTLTOOL_MERGE) $(wildcard $(top_srcdir)/po/*.po) ; LC_ALL=C $(INTLTOOL_MERGE) -k -u -c $(top_builddir)/po/.intltool-merge-cache $(top_srcdir)/po $< $@'
INTLTOOL_MERGE='$(top_builddir)/intltool-merge'
INTLTOOL_MSGFMT='/usr/bin/msgfmt'
INTLTOOL_MSGMERGE='/usr/bin/msgmerge'
INTLTOOL_OAF_RULE='%.oaf:       %.oaf.in       $(INTLTOOL_MERGE) $(wildcard $(top_srcdir)/po/*.po) ; LC_ALL=C $(INTLTOOL_MERGE) -o -p $(top_srcdir)/po $< $@'
INTLTOOL_PERL='/usr/bin/perl'
INTLTOOL_PONG_RULE='%.pong:      %.pong.in      $(INTLTOOL_MERGE) $(wildcard $(top_srcdir)/po/*.po) ; LC_ALL=C $(INTLTOOL_MERGE) -x -u -c $(top_builddir)/po/.intltool-merge-cache $(top_srcdir)/po $< $@'
INTLTOOL_PROP_RULE='%.prop:      %.prop.in      $(INTLTOOL_MERGE) $(wildcard $(top_srcdir)/po/*.po) ; LC_ALL=C $(INTLTOOL_MERGE) -d -u -c $(top_builddir)/po/.intltool-merge-cache $(top_srcdir)/po $< $@'
INTLTOOL_SCHEMAS_RULE='%.schemas:   %.schemas.in   $(INTLTOOL_MERGE) $(wildcard $(top_srcdir)/po/*.po) ; LC_ALL=C $(INTLTOOL_MERGE) -s -u -c $(top_builddir)/po/.intltool-merge-cache $(top_srcdir)/po $< $@'
INTLTOOL_SERVER_RULE='%.server:    %.server.in    $(INTLTOOL_MERGE) $(wildcard $(top_srcdir)/po/*.po) ; LC_ALL=C $(INTLTOOL_MERGE) -o -u -c $(top_builddir)/po/.intltool-merge-cache $(top_srcdir)/po $< $@'
INTLTOOL_SERVICE_RULE='%.service: %.service.in   $(INTLTOOL_MERGE) $(wildcard $(top_srcdir)/po/*.po) ; LC_ALL=C $(INTLTOOL_MERGE) -d -u -c $(top_builddir)/po/.intltool-merge-cache $(top_srcdir)/po $< $@'
INTLTOOL_SHEET_RULE='%.sheet:     %.sheet.in     $(INTLTOOL_MERGE) $(wildcard $(top_srcdir)/po/*.po) ; LC_ALL=C $(INTLTOOL_MERGE) -x -u -c $(top_builddir)/po/.intltool-merge-cache $(top_srcdir)/po $< $@'
INTLTOOL_SOUNDLIST_RULE='%.soundlist: %.soundlist.in $(INTLTOOL_MERGE) $(wildcard $(top_srcdir)/po/*.po) ; LC_ALL=C $(INTLTOOL_MERGE) -d -u -c $(top_builddir)/po/.intltool-merge-cache $(top_srcdir)/po $< $@'
INTLTOOL_THEME_RULE='%.theme:     %.theme.in     $(INTLTOOL_MERGE) $(wildcard $(top_srcdir)/po/*.po) ; LC_ALL=C $(INTLTOOL_MERGE) -d -u -c $(top_builddir)/po/.intltool-merge-cache $(top_srcdir)/po $< $@'
INTLTOOL_UI_RULE='%.ui:        %.ui.in        $(INTLTOOL_MERGE) $(wildcard $(top_srcdir)/po/*.po) ; LC_ALL=C $(INTLTOOL_MERGE) -x -u -c $(top_builddir)/po/.intltool-merge-cache $(top_srcdir)/po $< $@'
INTLTOOL_UPDATE='$(top_builddir)/intltool-update'
INTLTOOL_XAM_RULE='%.xam:       %.xml.in       $(INTLTOOL_MERGE) $(wildcard $(top_srcdir)/po/*.po) ; LC_ALL=C $(INTLTOOL_MERGE) -x -u -c $(top_builddir)/po/.intltool-merge-cache $(top_srcdir)/po $< $@'
INTLTOOL_XGETTEXT='/usr/bin/xgettext'
INTLTOOL_XML_NOMERGE_RULE='%.xml:       %.xml.in       $(INTLTOOL_MERGE) ; LC_ALL=C $(INTLTOOL_MERGE) -x -u /tmp $< $@'
INTLTOOL_XML_RULE='%.xml:       %.xml.in       $(INTLTOOL_MERGE) $(wildcard $(top_srcdir)/po/*.po) ; LC_ALL=C $(INTLTOOL_MERGE) -x -u -c $(top_builddir)/po/.intltool-merge-cache $(top_srcdir)/po $< $@'
LDFLAGS=''
LEX='flex'
LEXLIB='-lfl'
LEX_OUTPUT_ROOT='lex.yy'
LIBOBJS=''
LIBS=''
LIBTOOL='$(SHELL) $(top_builddir)/libtool'
LN_S='ln -s'
LTLIBOBJS=''
MAINT='#'
MAINTAINER_MODE_FALSE=''
MAINTAINER_MODE_TRUE='#'
MAKEINFO='makeinfo'
MKINSTALLDIRS='./mkinstalldirs'
MSGFMT='/usr/bin/msgfmt'
OBJEXT='o'
PACKAGE='galculator'
PACKAGE_BUGREPORT=''
PACKAGE_CFLAGS='-DXTHREADS -I/usr/include/gtk-2.0 -I/usr/lib/gtk-2.0/include -I/usr/include/atk-1.0 -I/usr/include/cairo -I/usr/include/pango-1.0 -I/usr/X11R6/include -I/usr/include/glib-2.0 -I/usr/lib/glib-2.0/include -I/usr/include/libglade-2.0 -I/usr/include/libxml2  '
PACKAGE_LIBS='-L/usr/X11R6/lib -lglade-2.0 -lgtk-x11-2.0 -lxml2 -lz -lgdk-x11-2.0 -lXrandr -lXi -lXinerama -lXext -latk-1.0 -lgdk_pixbuf-2.0 -lm -lpangocairo-1.0 -lfontconfig -lXcursor -lpango-1.0 -lcairo -lXrender -lX11 -lgobject-2.0 -lgmodule-2.0 -ldl -lglib-2.0  '
PACKAGE_NAME=''
PACKAGE_STRING=''
PACKAGE_TARNAME=''
PACKAGE_VERSION=''
PATH_SEPARATOR=':'
PKG_CONFIG='/usr/bin/pkg-config'
POFILES=' de.po fr.po ja.po pt_BR.po pl.po ro.po sk.po es_MX.po'
POSUB='po'
PO_IN_DATADIR_FALSE=''
PO_IN_DATADIR_TRUE=''
RANLIB='ranlib'
SET_MAKE=''
SHELL='/bin/sh'
STRIP='strip'
USE_NLS='yes'
VERSION='1.3.0CVS'
XGETTEXT='/usr/bin/xgettext'
ac_ct_AR='ar'
ac_ct_CC='gcc'
ac_ct_CXX='g++'
ac_ct_F77='g77'
ac_ct_RANLIB='ranlib'
ac_ct_STRIP='strip'
ac_pt_PKG_CONFIG='/usr/bin/pkg-config'
bindir='${exec_prefix}/bin'
build='i686-pc-linux-gnu'
build_alias=''
build_cpu='i686'
build_os='linux-gnu'
build_vendor='pc'
datadir='${prefix}/share'
exec_prefix='${prefix}'
host='i686-pc-linux-gnu'
host_alias=''
host_cpu='i686'
host_os='linux-gnu'
host_vendor='pc'
includedir='${prefix}/include'
infodir='${prefix}/info'
libdir='${exec_prefix}/lib'
libexecdir='${exec_prefix}/libexec'
localstatedir='${prefix}/var'
mandir='${prefix}/man'
oldincludedir='/usr/include'
prefix='/usr/local'
program_transform_name='s,x,x,'
sbindir='${exec_prefix}/sbin'
sharedstatedir='${prefix}/com'
sysconfdir='${prefix}/etc'
target_alias=''

## ----------- ##
## confdefs.h. ##
## ----------- ##

#define ENABLE_NLS 1
#define GETTEXT_PACKAGE "galculator"
#define HAVE_BIND_TEXTDOMAIN_CODESET 1
#define HAVE_DCGETTEXT 1
#define HAVE_DLFCN_H 1
#define HAVE_GETTEXT 1
#define HAVE_INTTYPES_H 1
#define HAVE_LC_MESSAGES 1
#define HAVE_LOCALE_H 1
#define HAVE_MEMORY_H 1
#define HAVE_STDINT_H 1
#define HAVE_STDLIB_H 1
#define HAVE_STRINGS_H 1
#define HAVE_STRING_H 1
#define HAVE_SYS_STAT_H 1
#define HAVE_SYS_TYPES_H 1
#define HAVE_UNISTD_H 1
#define PACKAGE "galculator"
#define PACKAGE_BUGREPORT ""
#define PACKAGE_NAME ""
#define PACKAGE_STRING ""
#define PACKAGE_TARNAME ""
#define PACKAGE_VERSION ""
#define STDC_HEADERS 1
#define VERSION "1.3.0CVS"
#define YYTEXT_POINTER 1
#endif
#ifdef __cplusplus
extern "C" void std::exit (int) throw (); using std::exit;

configure: exit 0
