This file contains any messages produced by compilers while
running configure, to aid debugging if configure makes a mistake.

It was created by configure, which was
generated by GNU Autoconf 2.59.  Invocation command line was

  $ ./configure 

## --------- ##
## Platform. ##
## --------- ##

hostname = dioscuri
uname -m = i686
uname -r = 2.6.12.2.20050708
uname -s = Linux
uname -v = #1 Fri Jul 8 17:05:05 CEST 2005

/usr/bin/uname -p = unknown
/bin/uname -X     = unknown

/bin/arch              = i686
/usr/bin/arch -k       = unknown
/usr/convex/getsysinfo = unknown
hostinfo               = unknown
/bin/machine           = unknown
/usr/bin/oslevel       = unknown
/bin/universe          = unknown

PATH: /usr/local/bin
PATH: /usr/bin
PATH: /bin
PATH: /usr/bin/X11
PATH: /usr/games


## ----------- ##
## Core tests. ##
## ----------- ##

configure:1553: checking for a BSD-compatible install
configure:1608: result: /usr/bin/install -c
configure:1619: checking whether build environment is sane
configure:1662: result: yes
configure:1677: checking whether make sets $(MAKE)
configure:1697: result: yes
configure:1729: checking for working aclocal-1.4
configure:1736: result: found
configure:1744: checking for working autoconf
configure:1751: result: found
configure:1759: checking for working automake-1.4
configure:1766: result: found
configure:1774: checking for working autoheader
configure:1781: result: found
configure:1789: checking for working makeinfo
configure:1796: result: found
configure:1805: checking whether to enable maintainer-specific portions of Makefiles
configure:1814: result: no
configure:1881: checking for gcc
configure:1897: found /usr/bin/gcc
configure:1907: result: gcc
configure:2151: checking for C compiler version
configure:2154: gcc --version </dev/null >&5
gcc (GCC) 4.0.1 20050701 (prerelease) (Debian 4.0.0-12)
Copyright (C) 2005 Free Software Foundation, Inc.
This is free software; see the source for copying conditions.  There is NO
warranty; not even for MERCHANTABILITY or FITNESS FOR A PARTICULAR PURPOSE.

configure:2157: $? = 0
configure:2159: gcc -v </dev/null >&5
Using built-in specs.
Target: i486-linux-gnu
Configured with: ../src/configure -v --enable-languages=c,c++,java,f95,objc,ada,treelang --prefix=/usr --enable-shared --with-system-zlib --libexecdir=/usr/lib --enable-nls --without-included-gettext --enable-threads=posix --program-suffix=-4.0 --enable-__cxa_atexit --enable-libstdcxx-allocator=mt --enable-clocale=gnu --enable-libstdcxx-debug --enable-java-gc=boehm --enable-java-awt=gtk --with-java-home=/usr/lib/jvm/java-1.4.2-gcj-4.0-1.4.2.0/jre --enable-mpfr --disable-werror --enable-checking=release i486-linux-gnu
Thread model: posix
gcc version 4.0.1 20050701 (prerelease) (Debian 4.0.0-12)
configure:2162: $? = 0
configure:2164: gcc -V </dev/null >&5
gcc: '-V' option must have argument
configure:2167: $? = 1
configure:2190: checking for C compiler default output file name
configure:2193: gcc    conftest.c  >&5
configure:2196: $? = 0
configure:2242: result: a.out
configure:2247: checking whether the C compiler works
configure:2253: ./a.out
configure:2256: $? = 0
configure:2273: result: yes
configure:2280: checking whether we are cross compiling
configure:2282: result: no
configure:2285: checking for suffix of executables
configure:2287: gcc -o conftest    conftest.c  >&5
configure:2290: $? = 0
configure:2315: result: 
configure:2321: checking for suffix of object files
configure:2342: gcc -c   conftest.c >&5
configure:2345: $? = 0
configure:2367: result: o
configure:2371: checking whether we are using the GNU C compiler
configure:2395: gcc -c   conftest.c >&5
configure:2401: $? = 0
configure:2404: test -z 			 || test ! -s conftest.err
configure:2407: $? = 0
configure:2410: test -s conftest.o
configure:2413: $? = 0
configure:2426: result: yes
configure:2432: checking whether gcc accepts -g
configure:2453: gcc -c -g  conftest.c >&5
configure:2459: $? = 0
configure:2462: test -z 			 || test ! -s conftest.err
configure:2465: $? = 0
configure:2468: test -s conftest.o
configure:2471: $? = 0
configure:2482: result: yes
configure:2499: checking for gcc option to accept ANSI C
configure:2569: gcc  -c -g -O2  conftest.c >&5
configure:2575: $? = 0
configure:2578: test -z 			 || test ! -s conftest.err
configure:2581: $? = 0
configure:2584: test -s conftest.o
configure:2587: $? = 0
configure:2605: result: none needed
configure:2623: gcc -c -g -O2  conftest.c >&5
conftest.c:2: error: syntax error before 'me'
configure:2629: $? = 1
configure: failed program was:
| #ifndef __cplusplus
|   choke me
| #endif
configure:2829: checking for perl
configure:2847: found /usr/bin/perl
configure:2859: result: /usr/bin/perl
configure:2891: checking for iconv
configure:2909: found /usr/bin/iconv
configure:2922: result: /usr/bin/iconv
configure:2931: checking for msgfmt
configure:2949: found /usr/bin/msgfmt
configure:2962: result: /usr/bin/msgfmt
configure:2971: checking for msgmerge
configure:2989: found /usr/bin/msgmerge
configure:3002: result: /usr/bin/msgmerge
configure:3011: checking for xgettext
configure:3029: found /usr/bin/xgettext
configure:3042: result: /usr/bin/xgettext
configure:3092: checking for strerror in -lcposix
configure:3122: gcc -o conftest -g -O2   conftest.c -lcposix   >&5
/usr/bin/ld: cannot find -lcposix
collect2: ld returned 1 exit status
configure:3128: $? = 1
configure: failed program was:
| /* confdefs.h.  */
| 
| #define PACKAGE_NAME ""
| #define PACKAGE_TARNAME ""
| #define PACKAGE_VERSION ""
| #define PACKAGE_STRING ""
| #define PACKAGE_BUGREPORT ""
| #define PACKAGE "galculator"
| #define VERSION "1.2.6CVS"
| /* end confdefs.h.  */
| 
| /* Override any gcc2 internal prototype to avoid an error.  */
| #ifdef __cplusplus
| extern "C"
| #endif
| /* We use char because int might match the return type of a gcc2
|    builtin and then its argument prototype would still apply.  */
| char strerror ();
| int
| main ()
| {
| strerror ();
|   ;
|   return 0;
| }
configure:3153: result: no
configure:3167: checking how to run the C preprocessor
configure:3202: gcc -E  conftest.c
configure:3208: $? = 0
configure:3240: gcc -E  conftest.c
conftest.c:11:28: error: ac_nonexistent.h: No such file or directory
configure:3246: $? = 1
configure: failed program was:
| /* confdefs.h.  */
| 
| #define PACKAGE_NAME ""
| #define PACKAGE_TARNAME ""
| #define PACKAGE_VERSION ""
| #define PACKAGE_STRING ""
| #define PACKAGE_BUGREPORT ""
| #define PACKAGE "galculator"
| #define VERSION "1.2.6CVS"
| /* end confdefs.h.  */
| #include <ac_nonexistent.h>
configure:3285: result: gcc -E
configure:3309: gcc -E  conftest.c
configure:3315: $? = 0
configure:3347: gcc -E  conftest.c
conftest.c:11:28: error: ac_nonexistent.h: No such file or directory
configure:3353: $? = 1
configure: failed program was:
| /* confdefs.h.  */
| 
| #define PACKAGE_NAME ""
| #define PACKAGE_TARNAME ""
| #define PACKAGE_VERSION ""
| #define PACKAGE_STRING ""
| #define PACKAGE_BUGREPORT ""
| #define PACKAGE "galculator"
| #define VERSION "1.2.6CVS"
| /* end confdefs.h.  */
| #include <ac_nonexistent.h>
configure:3397: checking for egrep
configure:3407: result: grep -E
configure:3412: checking for ANSI C header files
configure:3437: gcc -c -g -O2  conftest.c >&5
configure:3443: $? = 0
configure:3446: test -z 			 || test ! -s conftest.err
configure:3449: $? = 0
configure:3452: test -s conftest.o
configure:3455: $? = 0
configure:3544: gcc -o conftest -g -O2   conftest.c  >&5
conftest.c: In function 'main':
conftest.c:28: warning: incompatible implicit declaration of built-in function 'exit'
configure:3547: $? = 0
configure:3549: ./conftest
configure:3552: $? = 0
configure:3567: result: yes
configure:3627: checking for pkg-config
configure:3645: found /usr/bin/pkg-config
configure:3657: result: /usr/bin/pkg-config
configure:3672: checking pkg-config is at least version 0.9.0
configure:3675: result: yes
configure:3686: checking for PACKAGE
configure:3691: $PKG_CONFIG --exists --print-errors "$pkg_modules"
configure:3694: $? = 0
configure:3705: $PKG_CONFIG --exists --print-errors "$pkg_modules"
configure:3708: $? = 0
configure:3781: checking for flex
configure:3797: found /usr/bin/flex
configure:3807: result: flex
configure:3822: checking for flex
configure:3848: result: flex
configure:3861: checking for yywrap in -lfl
configure:3891: gcc -o conftest -g -O2   conftest.c -lfl   >&5
configure:3897: $? = 0
configure:3900: test -z 			 || test ! -s conftest.err
configure:3903: $? = 0
configure:3906: test -s conftest
configure:3909: $? = 0
configure:3922: result: yes
configure:3999: checking lex output file root
configure:4010: flex conftest.l
configure:4013: $? = 0
configure:4025: result: lex.yy
configure:4030: checking whether yytext is a pointer
configure:4046: gcc -o conftest -g -O2   conftest.c  -lfl >&5
configure:4052: $? = 0
configure:4055: test -z 			 || test ! -s conftest.err
configure:4058: $? = 0
configure:4061: test -s conftest
configure:4064: $? = 0
configure:4078: result: yes
configure:4169: checking build system type
configure:4187: result: i686-pc-linux-gnu
configure:4195: checking host system type
configure:4209: result: i686-pc-linux-gnu
configure:4217: checking for a sed that does not truncate output
configure:4271: result: /bin/sed
configure:4285: checking for ld used by gcc
configure:4352: result: /usr/bin/ld
configure:4361: checking if the linker (/usr/bin/ld) is GNU ld
configure:4376: result: yes
configure:4381: checking for /usr/bin/ld option to reload object files
configure:4388: result: -r
configure:4397: checking for BSD-compatible nm
configure:4439: result: /usr/bin/nm -B
configure:4443: checking whether ln -s works
configure:4447: result: yes
configure:4454: checking how to recognise dependent libraries
configure:4628: result: pass_all
configure:4849: checking for sys/types.h
configure:4865: gcc -c -g -O2  conftest.c >&5
configure:4871: $? = 0
configure:4874: test -z 			 || test ! -s conftest.err
configure:4877: $? = 0
configure:4880: test -s conftest.o
configure:4883: $? = 0
configure:4894: result: yes
configure:4849: checking for sys/stat.h
configure:4865: gcc -c -g -O2  conftest.c >&5
configure:4871: $? = 0
configure:4874: test -z 			 || test ! -s conftest.err
configure:4877: $? = 0
configure:4880: test -s conftest.o
configure:4883: $? = 0
configure:4894: result: yes
configure:4849: checking for stdlib.h
configure:4865: gcc -c -g -O2  conftest.c >&5
configure:4871: $? = 0
configure:4874: test -z 			 || test ! -s conftest.err
configure:4877: $? = 0
configure:4880: test -s conftest.o
configure:4883: $? = 0
configure:4894: result: yes
configure:4849: checking for string.h
configure:4865: gcc -c -g -O2  conftest.c >&5
configure:4871: $? = 0
configure:4874: test -z 			 || test ! -s conftest.err
configure:4877: $? = 0
configure:4880: test -s conftest.o
configure:4883: $? = 0
configure:4894: result: yes
configure:4849: checking for memory.h
configure:4865: gcc -c -g -O2  conftest.c >&5
configure:4871: $? = 0
configure:4874: test -z 			 || test ! -s conftest.err
configure:4877: $? = 0
configure:4880: test -s conftest.o
configure:4883: $? = 0
configure:4894: result: yes
configure:4849: checking for strings.h
configure:4865: gcc -c -g -O2  conftest.c >&5
configure:4871: $? = 0
configure:4874: test -z 			 || test ! -s conftest.err
configure:4877: $? = 0
configure:4880: test -s conftest.o
configure:4883: $? = 0
configure:4894: result: yes
configure:4849: checking for inttypes.h
configure:4865: gcc -c -g -O2  conftest.c >&5
configure:4871: $? = 0
configure:4874: test -z 			 || test ! -s conftest.err
configure:4877: $? = 0
configure:4880: test -s conftest.o
configure:4883: $? = 0
configure:4894: result: yes
configure:4849: checking for stdint.h
configure:4865: gcc -c -g -O2  conftest.c >&5
configure:4871: $? = 0
configure:4874: test -z 			 || test ! -s conftest.err
configure:4877: $? = 0
configure:4880: test -s conftest.o
configure:4883: $? = 0
configure:4894: result: yes
configure:4849: checking for unistd.h
configure:4865: gcc -c -g -O2  conftest.c >&5
configure:4871: $? = 0
configure:4874: test -z 			 || test ! -s conftest.err
configure:4877: $? = 0
configure:4880: test -s conftest.o
configure:4883: $? = 0
configure:4894: result: yes
configure:4920: checking dlfcn.h usability
configure:4932: gcc -c -g -O2  conftest.c >&5
configure:4938: $? = 0
configure:4941: test -z 			 || test ! -s conftest.err
configure:4944: $? = 0
configure:4947: test -s conftest.o
configure:4950: $? = 0
configure:4960: result: yes
configure:4964: checking dlfcn.h presence
configure:4974: gcc -E  conftest.c
configure:4980: $? = 0
configure:5000: result: yes
configure:5035: checking for dlfcn.h
configure:5042: result: yes
configure:5107: checking for g++
configure:5123: found /usr/bin/g++
configure:5133: result: g++
configure:5149: checking for C++ compiler version
configure:5152: g++ --version </dev/null >&5
g++ (GCC) 4.0.1 20050701 (prerelease) (Debian 4.0.0-12)
Copyright (C) 2005 Free Software Foundation, Inc.
This is free software; see the source for copying conditions.  There is NO
warranty; not even for MERCHANTABILITY or FITNESS FOR A PARTICULAR PURPOSE.

configure:5155: $? = 0
configure:5157: g++ -v </dev/null >&5
Using built-in specs.
Target: i486-linux-gnu
Configured with: ../src/configure -v --enable-languages=c,c++,java,f95,objc,ada,treelang --prefix=/usr --enable-shared --with-system-zlib --libexecdir=/usr/lib --enable-nls --without-included-gettext --enable-threads=posix --program-suffix=-4.0 --enable-__cxa_atexit --enable-libstdcxx-allocator=mt --enable-clocale=gnu --enable-libstdcxx-debug --enable-java-gc=boehm --enable-java-awt=gtk --with-java-home=/usr/lib/jvm/java-1.4.2-gcj-4.0-1.4.2.0/jre --enable-mpfr --disable-werror --enable-checking=release i486-linux-gnu
Thread model: posix
gcc version 4.0.1 20050701 (prerelease) (Debian 4.0.0-12)
configure:5160: $? = 0
configure:5162: g++ -V </dev/null >&5
g++: '-V' option must have argument
configure:5165: $? = 1
configure:5168: checking whether we are using the GNU C++ compiler
configure:5192: g++ -c   conftest.cc >&5
configure:5198: $? = 0
configure:5201: test -z 			 || test ! -s conftest.err
configure:5204: $? = 0
configure:5207: test -s conftest.o
configure:5210: $? = 0
configure:5223: result: yes
configure:5229: checking whether g++ accepts -g
configure:5250: g++ -c -g  conftest.cc >&5
configure:5256: $? = 0
configure:5259: test -z 			 || test ! -s conftest.err
configure:5262: $? = 0
configure:5265: test -s conftest.o
configure:5268: $? = 0
configure:5279: result: yes
configure:5321: g++ -c -g -O2  conftest.cc >&5
configure:5327: $? = 0
configure:5330: test -z 			 || test ! -s conftest.err
configure:5333: $? = 0
configure:5336: test -s conftest.o
configure:5339: $? = 0
configure:5365: g++ -c -g -O2  conftest.cc >&5
conftest.cc: In function 'int main()':
conftest.cc:28: error: 'exit' was not declared in this scope
configure:5371: $? = 1
configure: failed program was:
| /* confdefs.h.  */
| 
| #define PACKAGE_NAME ""
| #define PACKAGE_TARNAME ""
| #define PACKAGE_VERSION ""
| #define PACKAGE_STRING ""
| #define PACKAGE_BUGREPORT ""
| #define PACKAGE "galculator"
| #define VERSION "1.2.6CVS"
| #define STDC_HEADERS 1
| #define GETTEXT_PACKAGE "galculator"
| #define YYTEXT_POINTER 1
| #define HAVE_SYS_TYPES_H 1
| #define HAVE_SYS_STAT_H 1
| #define HAVE_STDLIB_H 1
| #define HAVE_STRING_H 1
| #define HAVE_MEMORY_H 1
| #define HAVE_STRINGS_H 1
| #define HAVE_INTTYPES_H 1
| #define HAVE_STDINT_H 1
| #define HAVE_UNISTD_H 1
| #define HAVE_DLFCN_H 1
| /* end confdefs.h.  */
| 
| int
| main ()
| {
| exit (42);
|   ;
|   return 0;
| }
configure:5321: g++ -c -g -O2  conftest.cc >&5
configure:5327: $? = 0
configure:5330: test -z 			 || test ! -s conftest.err
configure:5333: $? = 0
configure:5336: test -s conftest.o
configure:5339: $? = 0
configure:5365: g++ -c -g -O2  conftest.cc >&5
configure:5371: $? = 0
configure:5374: test -z 			 || test ! -s conftest.err
configure:5377: $? = 0
configure:5380: test -s conftest.o
configure:5383: $? = 0
configure:5411: checking how to run the C++ preprocessor
configure:5442: g++ -E  conftest.cc
configure:5448: $? = 0
configure:5480: g++ -E  conftest.cc
conftest.cc:27:28: error: ac_nonexistent.h: No such file or directory
configure:5486: $? = 1
configure: failed program was:
| /* confdefs.h.  */
| 
| #define PACKAGE_NAME ""
| #define PACKAGE_TARNAME ""
| #define PACKAGE_VERSION ""
| #define PACKAGE_STRING ""
| #define PACKAGE_BUGREPORT ""
| #define PACKAGE "galculator"
| #define VERSION "1.2.6CVS"
| #define STDC_HEADERS 1
| #define GETTEXT_PACKAGE "galculator"
| #define YYTEXT_POINTER 1
| #define HAVE_SYS_TYPES_H 1
| #define HAVE_SYS_STAT_H 1
| #define HAVE_STDLIB_H 1
| #define HAVE_STRING_H 1
| #define HAVE_MEMORY_H 1
| #define HAVE_STRINGS_H 1
| #define HAVE_INTTYPES_H 1
| #define HAVE_STDINT_H 1
| #define HAVE_UNISTD_H 1
| #define HAVE_DLFCN_H 1
| #ifdef __cplusplus
| extern "C" void std::exit (int) throw (); using std::exit;
| #endif
| /* end confdefs.h.  */
| #include <ac_nonexistent.h>
configure:5525: result: g++ -E
configure:5549: g++ -E  conftest.cc
configure:5555: $? = 0
configure:5587: g++ -E  conftest.cc
conftest.cc:27:28: error: ac_nonexistent.h: No such file or directory
configure:5593: $? = 1
configure: failed program was:
| /* confdefs.h.  */
| 
| #define PACKAGE_NAME ""
| #define PACKAGE_TARNAME ""
| #define PACKAGE_VERSION ""
| #define PACKAGE_STRING ""
| #define PACKAGE_BUGREPORT ""
| #define PACKAGE "galculator"
| #define VERSION "1.2.6CVS"
| #define STDC_HEADERS 1
| #define GETTEXT_PACKAGE "galculator"
| #define YYTEXT_POINTER 1
| #define HAVE_SYS_TYPES_H 1
| #define HAVE_SYS_STAT_H 1
| #define HAVE_STDLIB_H 1
| #define HAVE_STRING_H 1
| #define HAVE_MEMORY_H 1
| #define HAVE_STRINGS_H 1
| #define HAVE_INTTYPES_H 1
| #define HAVE_STDINT_H 1
| #define HAVE_UNISTD_H 1
| #define HAVE_DLFCN_H 1
| #ifdef __cplusplus
| extern "C" void std::exit (int) throw (); using std::exit;
| #endif
| /* end confdefs.h.  */
| #include <ac_nonexistent.h>
configure:5688: checking for g77
configure:5717: result: no
configure:5688: checking for f77
configure:5717: result: no
configure:5688: checking for xlf
configure:5717: result: no
configure:5688: checking for frt
configure:5717: result: no
configure:5688: checking for pgf77
configure:5717: result: no
configure:5688: checking for fort77
configure:5717: result: no
configure:5688: checking for fl32
configure:5717: result: no
configure:5688: checking for af77
configure:5717: result: no
configure:5688: checking for f90
configure:5717: result: no
configure:5688: checking for xlf90
configure:5717: result: no
configure:5688: checking for pgf90
configure:5717: result: no
configure:5688: checking for epcf90
configure:5717: result: no
configure:5688: checking for f95
configure:5717: result: no
configure:5688: checking for fort
configure:5717: result: no
configure:5688: checking for xlf95
configure:5717: result: no
configure:5688: checking for ifc
configure:5717: result: no
configure:5688: checking for efc
configure:5717: result: no
configure:5688: checking for pgf95
configure:5717: result: no
configure:5688: checking for lf95
configure:5717: result: no
configure:5688: checking for gfortran
configure:5717: result: no
configure:5729: checking for Fortran 77 compiler version
configure:5732:  --version </dev/null >&5
./configure: line 5733: --version: command not found
configure:5735: $? = 127
configure:5737:  -v </dev/null >&5
./configure: line 5738: -v: command not found
configure:5740: $? = 127
configure:5742:  -V </dev/null >&5
./configure: line 5743: -V: command not found
configure:5745: $? = 127
configure:5753: checking whether we are using the GNU Fortran 77 compiler
configure:5767:  -c  conftest.F >&5
./configure: line 5768: -c: command not found
configure:5773: $? = 127
configure: failed program was:
|       program main
| #ifndef __GNUC__
|        choke me
| #endif
| 
|       end
configure:5798: result: no
configure:5804: checking whether  accepts -g
configure:5816:  -c -g conftest.f >&5
./configure: line 5817: -c: command not found
configure:5822: $? = 127
configure: failed program was:
|       program main
| 
|       end
configure:5846: result: no
configure:5876: checking the maximum length of command line arguments
configure:5941: result: 32768
configure:5952: checking command to parse /usr/bin/nm -B output from gcc object
configure:6041: gcc -c -g -O2  conftest.c >&5
configure:6044: $? = 0
configure:6048: /usr/bin/nm -B conftest.o \| sed -n -e 's/^.*[ 	]\([ABCDGIRSTW][ABCDGIRSTW]*\)[ 	][ 	]*\(\)\([_A-Za-z][_A-Za-z0-9]*\)$/\1 \2\3 \3/p' \> conftest.nm
configure:6051: $? = 0
configure:6103: gcc -o conftest -g -O2   conftest.c conftstm.o >&5
configure:6106: $? = 0
configure:6144: result: ok
configure:6148: checking for objdir
configure:6163: result: .libs
configure:6253: checking for ar
configure:6269: found /usr/bin/ar
configure:6280: result: ar
configure:6333: checking for ranlib
configure:6349: found /usr/bin/ranlib
configure:6360: result: ranlib
configure:6413: checking for strip
configure:6429: found /usr/bin/strip
configure:6440: result: strip
configure:6702: checking if gcc static flag  works
configure:6725: result: yes
configure:6743: checking if gcc supports -fno-rtti -fno-exceptions
configure:6761: gcc -c -g -O2  -fno-rtti -fno-exceptions conftest.c >&5
cc1: warning: command line option "-fno-rtti" is valid for C++/ObjC++ but not for C
configure:6765: $? = 0
configure:6776: result: no
configure:6791: checking for gcc option to produce PIC
configure:6968: result: -fPIC
configure:6976: checking if gcc PIC flag -fPIC works
configure:6994: gcc -c -g -O2  -fPIC -DPIC conftest.c >&5
configure:6998: $? = 0
configure:7009: result: yes
configure:7033: checking if gcc supports -c -o file.o
configure:7054: gcc -c -g -O2  -o out/conftest2.o conftest.c >&5
configure:7058: $? = 0
configure:7078: result: yes
configure:7104: checking whether the gcc linker (/usr/bin/ld) supports shared libraries
configure:7951: result: yes
configure:7977: checking whether -lc should be explicitly linked in
configure:7982: gcc -c -g -O2  conftest.c >&5
configure:7985: $? = 0
configure:7999: gcc -shared conftest.o  -v -Wl,-soname -Wl,conftest -o conftest 2\>\&1 \| grep  -lc  \>/dev/null 2\>\&1
configure:8002: $? = 0
configure:8014: result: no
configure:8022: checking dynamic linker characteristics
configure:8574: result: GNU/Linux ld.so
configure:8578: checking how to hardcode library paths into programs
configure:8603: result: immediate
configure:8617: checking whether stripping libraries is possible
configure:8622: result: yes
configure:9445: checking if libtool supports shared libraries
configure:9447: result: yes
configure:9450: checking whether to build shared libraries
configure:9508: result: yes
configure:9511: checking whether to build static libraries
configure:9515: result: yes
configure:9607: creating libtool
configure:10154: checking for ld used by g++
configure:10221: result: /usr/bin/ld
configure:10230: checking if the linker (/usr/bin/ld) is GNU ld
configure:10245: result: yes
configure:10296: checking whether the g++ linker (/usr/bin/ld) supports shared libraries
configure:11122: result: yes
configure:11140: g++ -c -g -O2  conftest.cc >&5
configure:11143: $? = 0
configure:11239: checking for g++ option to produce PIC
configure:11491: result: -fPIC
configure:11499: checking if g++ PIC flag -fPIC works
configure:11517: g++ -c -g -O2  -fPIC -DPIC conftest.cc >&5
configure:11521: $? = 0
configure:11532: result: yes
configure:11556: checking if g++ supports -c -o file.o
configure:11577: g++ -c -g -O2  -o out/conftest2.o conftest.cc >&5
configure:11581: $? = 0
configure:11601: result: yes
configure:11627: checking whether the g++ linker (/usr/bin/ld) supports shared libraries
configure:11655: result: yes
configure:11726: checking dynamic linker characteristics
configure:12278: result: GNU/Linux ld.so
configure:12282: checking how to hardcode library paths into programs
configure:12307: result: immediate
configure:12321: checking whether stripping libraries is possible
configure:12326: result: yes
configure:19586: checking locale.h usability
configure:19598: gcc -c -g -O2  conftest.c >&5
configure:19604: $? = 0
configure:19607: test -z 			 || test ! -s conftest.err
configure:19610: $? = 0
configure:19613: test -s conftest.o
configure:19616: $? = 0
configure:19626: result: yes
configure:19630: checking locale.h presence
configure:19640: gcc -E  conftest.c
configure:19646: $? = 0
configure:19666: result: yes
configure:19701: checking for locale.h
configure:19708: result: yes
configure:19722: checking for LC_MESSAGES
configure:19743: gcc -o conftest -g -O2   conftest.c  >&5
configure:19749: $? = 0
configure:19752: test -z 			 || test ! -s conftest.err
configure:19755: $? = 0
configure:19758: test -s conftest
configure:19761: $? = 0
configure:19773: result: yes
configure:19802: checking libintl.h usability
configure:19814: gcc -c -g -O2  conftest.c >&5
configure:19820: $? = 0
configure:19823: test -z 			 || test ! -s conftest.err
configure:19826: $? = 0
configure:19829: test -s conftest.o
configure:19832: $? = 0
configure:19842: result: yes
configure:19846: checking libintl.h presence
configure:19856: gcc -E  conftest.c
configure:19862: $? = 0
configure:19882: result: yes
configure:19917: checking for libintl.h
configure:19924: result: yes
configure:19935: checking for ngettext in libc
configure:19958: gcc -o conftest -g -O2   conftest.c  >&5
configure:19964: $? = 0
configure:19967: test -z 			 || test ! -s conftest.err
configure:19970: $? = 0
configure:19973: test -s conftest
configure:19976: $? = 0
configure:19989: result: yes
configure:19993: checking for dgettext in libc
configure:20016: gcc -o conftest -g -O2   conftest.c  >&5
configure:20022: $? = 0
configure:20025: test -z 			 || test ! -s conftest.err
configure:20028: $? = 0
configure:20031: test -s conftest
configure:20034: $? = 0
configure:20047: result: yes
configure:20056: checking for bind_textdomain_codeset
configure:20113: gcc -o conftest -g -O2   conftest.c  >&5
configure:20119: $? = 0
configure:20122: test -z 			 || test ! -s conftest.err
configure:20125: $? = 0
configure:20128: test -s conftest
configure:20131: $? = 0
configure:20143: result: yes
configure:20647: checking for msgfmt
configure:20674: result: /usr/bin/msgfmt
configure:20687: checking for dcgettext
configure:20744: gcc -o conftest -g -O2   conftest.c   >&5
conftest.c:55: warning: conflicting types for built-in function 'dcgettext'
configure:20750: $? = 0
configure:20753: test -z 			 || test ! -s conftest.err
configure:20756: $? = 0
configure:20759: test -s conftest
configure:20762: $? = 0
configure:20774: result: yes
configure:20786: checking for gmsgfmt
configure:20817: result: /usr/bin/msgfmt
configure:20826: checking for xgettext
configure:20853: result: /usr/bin/xgettext
configure:20877: gcc -o conftest -g -O2   conftest.c   >&5
configure:20883: $? = 0
configure:20886: test -z 			 || test ! -s conftest.err
configure:20889: $? = 0
configure:20892: test -s conftest
configure:20895: $? = 0
configure:21067: checking for catalogs to be installed
configure:21092: result:  de fr ja pt_BR pl ro sk
configure:21235: creating ./config.status

## ---------------------- ##
## Running config.status. ##
## ---------------------- ##

This file was extended by config.status, which was
generated by GNU Autoconf 2.59.  Invocation command line was

  CONFIG_FILES    = 
  CONFIG_HEADERS  = 
  CONFIG_LINKS    = 
  CONFIG_COMMANDS = 
  $ ./config.status 

on dioscuri

config.status:796: creating Makefile
config.status:796: creating galculator.spec
config.status:796: creating src/Makefile
config.status:796: creating po/Makefile.in
config.status:796: creating ui/Makefile
config.status:796: creating doc/Makefile
config.status:862: creating config.h
config.status:986: config.h is unchanged
config.status:1144: executing default-1 commands
config.status:1144: executing intltool commands
config.status:1144: executing default-2 commands

## ---------------- ##
## Cache variables. ##
## ---------------- ##

ac_cv_build=i686-pc-linux-gnu
ac_cv_build_alias=i686-pc-linux-gnu
ac_cv_c_compiler_gnu=yes
ac_cv_cxx_compiler_gnu=yes
ac_cv_env_CC_set=
ac_cv_env_CC_value=
ac_cv_env_CFLAGS_set=
ac_cv_env_CFLAGS_value=
ac_cv_env_CPPFLAGS_set=
ac_cv_env_CPPFLAGS_value=
ac_cv_env_CPP_set=
ac_cv_env_CPP_value=
ac_cv_env_CXXCPP_set=
ac_cv_env_CXXCPP_value=
ac_cv_env_CXXFLAGS_set=
ac_cv_env_CXXFLAGS_value=
ac_cv_env_CXX_set=
ac_cv_env_CXX_value=
ac_cv_env_F77_set=
ac_cv_env_F77_value=
ac_cv_env_FFLAGS_set=
ac_cv_env_FFLAGS_value=
ac_cv_env_LDFLAGS_set=
ac_cv_env_LDFLAGS_value=
ac_cv_env_PACKAGE_CFLAGS_set=
ac_cv_env_PACKAGE_CFLAGS_value=
ac_cv_env_PACKAGE_LIBS_set=
ac_cv_env_PACKAGE_LIBS_value=
ac_cv_env_PKG_CONFIG_set=
ac_cv_env_PKG_CONFIG_value=
ac_cv_env_build_alias_set=
ac_cv_env_build_alias_value=
ac_cv_env_host_alias_set=
ac_cv_env_host_alias_value=
ac_cv_env_target_alias_set=
ac_cv_env_target_alias_value=
ac_cv_exeext=
ac_cv_f77_compiler_gnu=no
ac_cv_func_bind_textdomain_codeset=yes
ac_cv_func_dcgettext=yes
ac_cv_header_dlfcn_h=yes
ac_cv_header_inttypes_h=yes
ac_cv_header_libintl_h=yes
ac_cv_header_locale_h=yes
ac_cv_header_memory_h=yes
ac_cv_header_stdc=yes
ac_cv_header_stdint_h=yes
ac_cv_header_stdlib_h=yes
ac_cv_header_string_h=yes
ac_cv_header_strings_h=yes
ac_cv_header_sys_stat_h=yes
ac_cv_header_sys_types_h=yes
ac_cv_header_unistd_h=yes
ac_cv_host=i686-pc-linux-gnu
ac_cv_host_alias=i686-pc-linux-gnu
ac_cv_lib_cposix_strerror=no
ac_cv_lib_fl_yywrap=yes
ac_cv_objext=o
ac_cv_path_GMSGFMT=/usr/bin/msgfmt
ac_cv_path_INTLTOOL_ICONV=/usr/bin/iconv
ac_cv_path_INTLTOOL_MSGFMT=/usr/bin/msgfmt
ac_cv_path_INTLTOOL_MSGMERGE=/usr/bin/msgmerge
ac_cv_path_INTLTOOL_PERL=/usr/bin/perl
ac_cv_path_INTLTOOL_XGETTEXT=/usr/bin/xgettext
ac_cv_path_MSGFMT=/usr/bin/msgfmt
ac_cv_path_XGETTEXT=/usr/bin/xgettext
ac_cv_path_ac_pt_PKG_CONFIG=/usr/bin/pkg-config
ac_cv_path_install='/usr/bin/install -c'
ac_cv_prog_CPP='gcc -E'
ac_cv_prog_CXXCPP='g++ -E'
ac_cv_prog_LEX=flex
ac_cv_prog_ac_ct_AR=ar
ac_cv_prog_ac_ct_CC=gcc
ac_cv_prog_ac_ct_CXX=g++
ac_cv_prog_ac_ct_RANLIB=ranlib
ac_cv_prog_ac_ct_STRIP=strip
ac_cv_prog_cc_g=yes
ac_cv_prog_cc_stdc=
ac_cv_prog_cxx_g=yes
ac_cv_prog_egrep='grep -E'
ac_cv_prog_f77_g=no
ac_cv_prog_lex_root=lex.yy
ac_cv_prog_lex_yytext_pointer=yes
ac_cv_prog_make_make_set=yes
am_cv_val_LC_MESSAGES=yes
gt_cv_func_dgettext_libc=yes
gt_cv_func_dgettext_libintl=no
gt_cv_func_ngettext_libc=yes
gt_cv_have_gettext=yes
lt_cv_deplibs_check_method=pass_all
lt_cv_file_magic_cmd='$MAGIC_CMD'
lt_cv_file_magic_test_file=
lt_cv_ld_reload_flag=-r
lt_cv_objdir=.libs
lt_cv_path_LD=/usr/bin/ld
lt_cv_path_LDCXX=/usr/bin/ld
lt_cv_path_NM='/usr/bin/nm -B'
lt_cv_path_SED=/bin/sed
lt_cv_prog_compiler_c_o=yes
lt_cv_prog_compiler_c_o_CXX=yes
lt_cv_prog_compiler_rtti_exceptions=no
lt_cv_prog_gnu_ld=yes
lt_cv_prog_gnu_ldcxx=yes
lt_cv_sys_global_symbol_pipe='sed -n -e '\''s/^.*[ 	]\([ABCDGIRSTW][ABCDGIRSTW]*\)[ 	][ 	]*\(\)\([_A-Za-z][_A-Za-z0-9]*\)$/\1 \2\3 \3/p'\'''
lt_cv_sys_global_symbol_to_c_name_address='sed -n -e '\''s/^: \([^ ]*\) $/  {\"\1\", (lt_ptr) 0},/p'\'' -e '\''s/^[BCDEGRST] \([^ ]*\) \([^ ]*\)$/  {"\2", (lt_ptr) \&\2},/p'\'''
lt_cv_sys_global_symbol_to_cdecl='sed -n -e '\''s/^. .* \(.*\)$/extern int \1;/p'\'''
lt_cv_sys_max_cmd_len=32768
lt_lt_cv_prog_compiler_c_o='"yes"'
lt_lt_cv_prog_compiler_c_o_CXX='"yes"'
lt_lt_cv_sys_global_symbol_pipe='"sed -n -e '\''s/^.*[ 	]\\([ABCDGIRSTW][ABCDGIRSTW]*\\)[ 	][ 	]*\\(\\)\\([_A-Za-z][_A-Za-z0-9]*\\)\$/\\1 \\2\\3 \\3/p'\''"'
lt_lt_cv_sys_global_symbol_to_c_name_address='"sed -n -e '\''s/^: \\([^ ]*\\) \$/  {\\\"\\1\\\", (lt_ptr) 0},/p'\'' -e '\''s/^[BCDEGRST] \\([^ ]*\\) \\([^ ]*\\)\$/  {\"\\2\", (lt_ptr) \\&\\2},/p'\''"'
lt_lt_cv_sys_global_symbol_to_cdecl='"sed -n -e '\''s/^. .* \\(.*\\)\$/extern int \\1;/p'\''"'
pkg_cv_PACKAGE_CFLAGS='-DXTHREADS -I/usr/include/gtk-2.0 -I/usr/lib/gtk-2.0/include -I/usr/X11R6/include -I/usr/include/atk-1.0 -I/usr/include/pango-1.0 -I/usr/include/freetype2 -I/usr/include/glib-2.0 -I/usr/lib/glib-2.0/include -I/usr/include/libglade-2.0 -I/usr/include/libxml2  '
pkg_cv_PACKAGE_LIBS='-lglade-2.0 -lgtk-x11-2.0 -lxml2 -lpthread -lz -lgdk-x11-2.0 -latk-1.0 -lgdk_pixbuf-2.0 -lm -lpangoxft-1.0 -lpangox-1.0 -lpango-1.0 -lgobject-2.0 -lgmodule-2.0 -ldl -lglib-2.0  '

## ----------------- ##
## Output variables. ##
## ----------------- ##

ACLOCAL='aclocal-1.4'
AR='ar'
AUTOCONF='autoconf'
AUTOHEADER='autoheader'
AUTOMAKE='automake-1.4'
CATALOGS=' de.gmo fr.gmo ja.gmo pt_BR.gmo pl.gmo ro.gmo sk.gmo'
CATOBJEXT='.gmo'
CC='gcc'
CFLAGS='-g -O2 -Wall'
CPP='gcc -E'
CPPFLAGS=''
CXX='g++'
CXXCPP='g++ -E'
CXXFLAGS='-g -O2'
DATADIRNAME='share'
DEFS='-DHAVE_CONFIG_H'
ECHO='echo'
ECHO_C=''
ECHO_N='-n'
ECHO_T=''
EGREP='grep -E'
EXEEXT=''
F77=''
FFLAGS=''
GETTEXT_PACKAGE='galculator'
GMOFILES=' de.gmo fr.gmo ja.gmo pt_BR.gmo pl.gmo ro.gmo sk.gmo'
GMSGFMT='/usr/bin/msgfmt'
INSTALL_DATA='${INSTALL} -m 644'
INSTALL_PROGRAM='${INSTALL}'
INSTALL_SCRIPT='${INSTALL}'
INSTOBJEXT='.mo'
INTLLIBS=''
INTLTOOL_CAVES_RULE='%.caves:     %.caves.in     $(INTLTOOL_MERGE) $(wildcard $(top_srcdir)/po/*.po) ; LC_ALL=C $(INTLTOOL_MERGE) -d -u -c $(top_builddir)/po/.intltool-merge-cache $(top_srcdir)/po $< $@'
INTLTOOL_DESKTOP_RULE='%.desktop:   %.desktop.in   $(INTLTOOL_MERGE) $(wildcard $(top_srcdir)/po/*.po) ; LC_ALL=C $(INTLTOOL_MERGE) -d -u -c $(top_builddir)/po/.intltool-merge-cache $(top_srcdir)/po $< $@'
INTLTOOL_DIRECTORY_RULE='%.directory: %.directory.in $(INTLTOOL_MERGE) $(wildcard $(top_srcdir)/po/*.po) ; LC_ALL=C $(INTLTOOL_MERGE) -d -u -c $(top_builddir)/po/.intltool-merge-cache $(top_srcdir)/po $< $@'
INTLTOOL_EXTRACT='$(top_builddir)/intltool-extract'
INTLTOOL_ICONV='/usr/bin/iconv'
INTLTOOL_KBD_RULE='%.kbd:       %.kbd.in       $(INTLTOOL_MERGE) $(wildcard $(top_srcdir)/po/*.po) ; LC_ALL=C $(INTLTOOL_MERGE) -x -u -m -c $(top_builddir)/po/.intltool-merge-cache $(top_srcdir)/po $< $@'
INTLTOOL_KEYS_RULE='%.keys:      %.keys.in      $(INTLTOOL_MERGE) $(wildcard $(top_srcdir)/po/*.po) ; LC_ALL=C $(INTLTOOL_MERGE) -k -u -c $(top_builddir)/po/.intltool-merge-cache $(top_srcdir)/po $< $@'
INTLTOOL_MERGE='$(top_builddir)/intltool-merge'
INTLTOOL_MSGFMT='/usr/bin/msgfmt'
INTLTOOL_MSGMERGE='/usr/bin/msgmerge'
INTLTOOL_OAF_RULE='%.oaf:       %.oaf.in       $(INTLTOOL_MERGE) $(wildcard $(top_srcdir)/po/*.po) ; LC_ALL=C $(INTLTOOL_MERGE) -o -p $(top_srcdir)/po $< $@'
INTLTOOL_PERL='/usr/bin/perl'
INTLTOOL_PONG_RULE='%.pong:      %.pong.in      $(INTLTOOL_MERGE) $(wildcard $(top_srcdir)/po/*.po) ; LC_ALL=C $(INTLTOOL_MERGE) -x -u -c $(top_builddir)/po/.intltool-merge-cache $(top_srcdir)/po $< $@'
INTLTOOL_PROP_RULE='%.prop:      %.prop.in      $(INTLTOOL_MERGE) $(wildcard $(top_srcdir)/po/*.po) ; LC_ALL=C $(INTLTOOL_MERGE) -d -u -c $(top_builddir)/po/.intltool-merge-cache $(top_srcdir)/po $< $@'
INTLTOOL_SCHEMAS_RULE='%.schemas:   %.schemas.in   $(INTLTOOL_MERGE) $(wildcard $(top_srcdir)/po/*.po) ; LC_ALL=C $(INTLTOOL_MERGE) -s -u -c $(top_builddir)/po/.intltool-merge-cache $(top_srcdir)/po $< $@'
INTLTOOL_SERVER_RULE='%.server:    %.server.in    $(INTLTOOL_MERGE) $(wildcard $(top_srcdir)/po/*.po) ; LC_ALL=C $(INTLTOOL_MERGE) -o -u -c $(top_builddir)/po/.intltool-merge-cache $(top_srcdir)/po $< $@'
INTLTOOL_SHEET_RULE='%.sheet:     %.sheet.in     $(INTLTOOL_MERGE) $(wildcard $(top_srcdir)/po/*.po) ; LC_ALL=C $(INTLTOOL_MERGE) -x -u -c $(top_builddir)/po/.intltool-merge-cache $(top_srcdir)/po $< $@'
INTLTOOL_SOUNDLIST_RULE='%.soundlist: %.soundlist.in $(INTLTOOL_MERGE) $(wildcard $(top_srcdir)/po/*.po) ; LC_ALL=C $(INTLTOOL_MERGE) -d -u -c $(top_builddir)/po/.intltool-merge-cache $(top_srcdir)/po $< $@'
INTLTOOL_THEME_RULE='%.theme:     %.theme.in     $(INTLTOOL_MERGE) $(wildcard $(top_srcdir)/po/*.po) ; LC_ALL=C $(INTLTOOL_MERGE) -d -u -c $(top_builddir)/po/.intltool-merge-cache $(top_srcdir)/po $< $@'
INTLTOOL_UI_RULE='%.ui:        %.ui.in        $(INTLTOOL_MERGE) $(wildcard $(top_srcdir)/po/*.po) ; LC_ALL=C $(INTLTOOL_MERGE) -x -u -c $(top_builddir)/po/.intltool-merge-cache $(top_srcdir)/po $< $@'
INTLTOOL_UPDATE='$(top_builddir)/intltool-update'
INTLTOOL_XAM_RULE='%.xam:       %.xml.in       $(INTLTOOL_MERGE) $(wildcard $(top_srcdir)/po/*.po) ; LC_ALL=C $(INTLTOOL_MERGE) -x -u -c $(top_builddir)/po/.intltool-merge-cache $(top_srcdir)/po $< $@'
INTLTOOL_XGETTEXT='/usr/bin/xgettext'
INTLTOOL_XML_NOMERGE_RULE='%.xml:       %.xml.in       $(INTLTOOL_MERGE) ; LC_ALL=C $(INTLTOOL_MERGE) -x -u /tmp $< $@'
INTLTOOL_XML_RULE='%.xml:       %.xml.in       $(INTLTOOL_MERGE) $(wildcard $(top_srcdir)/po/*.po) ; LC_ALL=C $(INTLTOOL_MERGE) -x -u -c $(top_builddir)/po/.intltool-merge-cache $(top_srcdir)/po $< $@'
LDFLAGS=''
LEX='flex'
LEXLIB='-lfl'
LEX_OUTPUT_ROOT='lex.yy'
LIBOBJS=''
LIBS=''
LIBTOOL='$(SHELL) $(top_builddir)/libtool'
LN_S='ln -s'
LTLIBOBJS=''
MAINT='#'
MAINTAINER_MODE_FALSE=''
MAINTAINER_MODE_TRUE='#'
MAKEINFO='makeinfo'
MKINSTALLDIRS='./mkinstalldirs'
MSGFMT='/usr/bin/msgfmt'
OBJEXT='o'
PACKAGE='galculator'
PACKAGE_BUGREPORT=''
PACKAGE_CFLAGS='-DXTHREADS -I/usr/include/gtk-2.0 -I/usr/lib/gtk-2.0/include -I/usr/X11R6/include -I/usr/include/atk-1.0 -I/usr/include/pango-1.0 -I/usr/include/freetype2 -I/usr/include/glib-2.0 -I/usr/lib/glib-2.0/include -I/usr/include/libglade-2.0 -I/usr/include/libxml2  '
PACKAGE_LIBS='-lglade-2.0 -lgtk-x11-2.0 -lxml2 -lpthread -lz -lgdk-x11-2.0 -latk-1.0 -lgdk_pixbuf-2.0 -lm -lpangoxft-1.0 -lpangox-1.0 -lpango-1.0 -lgobject-2.0 -lgmodule-2.0 -ldl -lglib-2.0  '
PACKAGE_NAME=''
PACKAGE_STRING=''
PACKAGE_TARNAME=''
PACKAGE_VERSION=''
PATH_SEPARATOR=':'
PKG_CONFIG='/usr/bin/pkg-config'
POFILES=' de.po fr.po ja.po pt_BR.po pl.po ro.po sk.po'
POSUB='po'
PO_IN_DATADIR_FALSE=''
PO_IN_DATADIR_TRUE=''
RANLIB='ranlib'
SET_MAKE=''
SHELL='/bin/sh'
STRIP='strip'
USE_NLS='yes'
VERSION='1.2.6CVS'
XGETTEXT='/usr/bin/xgettext'
ac_ct_AR='ar'
ac_ct_CC='gcc'
ac_ct_CXX='g++'
ac_ct_F77=''
ac_ct_RANLIB='ranlib'
ac_ct_STRIP='strip'
ac_pt_PKG_CONFIG='/usr/bin/pkg-config'
bindir='${exec_prefix}/bin'
build='i686-pc-linux-gnu'
build_alias=''
build_cpu='i686'
build_os='linux-gnu'
build_vendor='pc'
datadir='${prefix}/share'
exec_prefix='${prefix}'
host='i686-pc-linux-gnu'
host_alias=''
host_cpu='i686'
host_os='linux-gnu'
host_vendor='pc'
includedir='${prefix}/include'
infodir='${prefix}/info'
libdir='${exec_prefix}/lib'
libexecdir='${exec_prefix}/libexec'
localstatedir='${prefix}/var'
mandir='${prefix}/man'
mkdir_p='mkdir -p -- .'
oldincludedir='/usr/include'
prefix='/usr/local'
program_transform_name='s,x,x,'
sbindir='${exec_prefix}/sbin'
sharedstatedir='${prefix}/com'
sysconfdir='${prefix}/etc'
target_alias=''

## ----------- ##
## confdefs.h. ##
## ----------- ##

#define ENABLE_NLS 1
#define GETTEXT_PACKAGE "galculator"
#define HAVE_BIND_TEXTDOMAIN_CODESET 1
#define HAVE_DCGETTEXT 1
#define HAVE_DLFCN_H 1
#define HAVE_GETTEXT 1
#define HAVE_INTTYPES_H 1
#define HAVE_LC_MESSAGES 1
#define HAVE_LOCALE_H 1
#define HAVE_MEMORY_H 1
#define HAVE_STDINT_H 1
#define HAVE_STDLIB_H 1
#define HAVE_STRINGS_H 1
#define HAVE_STRING_H 1
#define HAVE_SYS_STAT_H 1
#define HAVE_SYS_TYPES_H 1
#define HAVE_UNISTD_H 1
#define PACKAGE "galculator"
#define PACKAGE_BUGREPORT ""
#define PACKAGE_NAME ""
#define PACKAGE_STRING ""
#define PACKAGE_TARNAME ""
#define PACKAGE_VERSION ""
#define STDC_HEADERS 1
#define VERSION "1.2.6CVS"
#define YYTEXT_POINTER 1
#endif
#ifdef __cplusplus
extern "C" void std::exit (int) throw (); using std::exit;

configure: exit 0
